1681347 execve("/usr/bin/su", ["su", "flow", "-c", "deno task --unstable-detect-cjs "...], 0x7ffde9f0ce20 /* 89 vars */) = 0
1681347 access("/etc/suid-debug", F_OK) = -1 ENOENT (No such file or directory)
1681347 brk(NULL)                       = 0x55bde396e000
1681347 arch_prctl(0x3001 /* ARCH_??? */, 0x7ffeac9762b0) = -1 EINVAL (Invalid argument)
1681347 fcntl(0, F_GETFD)               = 0
1681347 fcntl(1, F_GETFD)               = 0
1681347 fcntl(2, F_GETFD)               = 0
1681347 access("/etc/suid-debug", F_OK) = -1 ENOENT (No such file or directory)
1681347 mmap(NULL, 8192, PROT_READ|PROT_WRITE, MAP_PRIVATE|MAP_ANONYMOUS, -1, 0) = 0x7fafb51f4000
1681347 access("/etc/ld.so.preload", R_OK) = -1 ENOENT (No such file or directory)
1681347 openat(AT_FDCWD, "/etc/ld.so.cache", O_RDONLY|O_CLOEXEC) = 3
1681347 newfstatat(3, "", {st_mode=S_IFREG|0644, st_size=114716, ...}, AT_EMPTY_PATH) = 0
1681347 mmap(NULL, 114716, PROT_READ, MAP_PRIVATE, 3, 0) = 0x7fafb51d7000
1681347 close(3)                        = 0
1681347 openat(AT_FDCWD, "/lib/x86_64-linux-gnu/libpam.so.0", O_RDONLY|O_CLOEXEC) = 3
1681347 read(3, "\177ELF\2\1\1\0\0\0\0\0\0\0\0\0\3\0>\0\1\0\0\0\0\0\0\0\0\0\0\0"..., 832) = 832
1681347 newfstatat(3, "", {st_mode=S_IFREG|0644, st_size=67736, ...}, AT_EMPTY_PATH) = 0
1681347 mmap(NULL, 69648, PROT_READ, MAP_PRIVATE|MAP_DENYWRITE, 3, 0) = 0x7fafb51c5000
1681347 mmap(0x7fafb51c8000, 36864, PROT_READ|PROT_EXEC, MAP_PRIVATE|MAP_FIXED|MAP_DENYWRITE, 3, 0x3000) = 0x7fafb51c8000
1681347 mmap(0x7fafb51d1000, 16384, PROT_READ, MAP_PRIVATE|MAP_FIXED|MAP_DENYWRITE, 3, 0xc000) = 0x7fafb51d1000
1681347 mmap(0x7fafb51d5000, 8192, PROT_READ|PROT_WRITE, MAP_PRIVATE|MAP_FIXED|MAP_DENYWRITE, 3, 0xf000) = 0x7fafb51d5000
1681347 close(3)                        = 0
1681347 openat(AT_FDCWD, "/lib/x86_64-linux-gnu/libpam_misc.so.0", O_RDONLY|O_CLOEXEC) = 3
1681347 read(3, "\177ELF\2\1\1\0\0\0\0\0\0\0\0\0\3\0>\0\1\0\0\0\0\0\0\0\0\0\0\0"..., 832) = 832
1681347 newfstatat(3, "", {st_mode=S_IFREG|0644, st_size=18528, ...}, AT_EMPTY_PATH) = 0
1681347 mmap(NULL, 20560, PROT_READ, MAP_PRIVATE|MAP_DENYWRITE, 3, 0) = 0x7fafb51bf000
1681347 mmap(0x7fafb51c0000, 8192, PROT_READ|PROT_EXEC, MAP_PRIVATE|MAP_FIXED|MAP_DENYWRITE, 3, 0x1000) = 0x7fafb51c0000
1681347 mmap(0x7fafb51c2000, 4096, PROT_READ, MAP_PRIVATE|MAP_FIXED|MAP_DENYWRITE, 3, 0x3000) = 0x7fafb51c2000
1681347 mmap(0x7fafb51c3000, 8192, PROT_READ|PROT_WRITE, MAP_PRIVATE|MAP_FIXED|MAP_DENYWRITE, 3, 0x3000) = 0x7fafb51c3000
1681347 close(3)                        = 0
1681347 openat(AT_FDCWD, "/lib/x86_64-linux-gnu/libc.so.6", O_RDONLY|O_CLOEXEC) = 3
1681347 read(3, "\177ELF\2\1\1\3\0\0\0\0\0\0\0\0\3\0>\0\1\0\0\0P\237\2\0\0\0\0\0"..., 832) = 832
1681347 pread64(3, "\6\0\0\0\4\0\0\0@\0\0\0\0\0\0\0@\0\0\0\0\0\0\0@\0\0\0\0\0\0\0"..., 784, 64) = 784
1681347 pread64(3, "\4\0\0\0 \0\0\0\5\0\0\0GNU\0\2\0\0\300\4\0\0\0\3\0\0\0\0\0\0\0"..., 48, 848) = 48
1681347 pread64(3, "\4\0\0\0\24\0\0\0\3\0\0\0GNU\0\325\31p\226\367\t\200\30)\261\30\257\33|\366c"..., 68, 896) = 68
1681347 newfstatat(3, "", {st_mode=S_IFREG|0755, st_size=2220400, ...}, AT_EMPTY_PATH) = 0
1681347 pread64(3, "\6\0\0\0\4\0\0\0@\0\0\0\0\0\0\0@\0\0\0\0\0\0\0@\0\0\0\0\0\0\0"..., 784, 64) = 784
1681347 mmap(NULL, 2264656, PROT_READ, MAP_PRIVATE|MAP_DENYWRITE, 3, 0) = 0x7fafb4f96000
1681347 mprotect(0x7fafb4fbe000, 2023424, PROT_NONE) = 0
1681347 mmap(0x7fafb4fbe000, 1658880, PROT_READ|PROT_EXEC, MAP_PRIVATE|MAP_FIXED|MAP_DENYWRITE, 3, 0x28000) = 0x7fafb4fbe000
1681347 mmap(0x7fafb5153000, 360448, PROT_READ, MAP_PRIVATE|MAP_FIXED|MAP_DENYWRITE, 3, 0x1bd000) = 0x7fafb5153000
1681347 mmap(0x7fafb51ac000, 24576, PROT_READ|PROT_WRITE, MAP_PRIVATE|MAP_FIXED|MAP_DENYWRITE, 3, 0x215000) = 0x7fafb51ac000
1681347 mmap(0x7fafb51b2000, 52816, PROT_READ|PROT_WRITE, MAP_PRIVATE|MAP_FIXED|MAP_ANONYMOUS, -1, 0) = 0x7fafb51b2000
1681347 close(3)                        = 0
1681347 openat(AT_FDCWD, "/lib/x86_64-linux-gnu/libaudit.so.1", O_RDONLY|O_CLOEXEC) = 3
1681347 read(3, "\177ELF\2\1\1\0\0\0\0\0\0\0\0\0\3\0>\0\1\0\0\0\0\0\0\0\0\0\0\0"..., 832) = 832
1681347 newfstatat(3, "", {st_mode=S_IFREG|0644, st_size=133200, ...}, AT_EMPTY_PATH) = 0
1681347 mmap(NULL, 184496, PROT_READ, MAP_PRIVATE|MAP_DENYWRITE, 3, 0) = 0x7fafb4f68000
1681347 mmap(0x7fafb4f6b000, 32768, PROT_READ|PROT_EXEC, MAP_PRIVATE|MAP_FIXED|MAP_DENYWRITE, 3, 0x3000) = 0x7fafb4f6b000
1681347 mmap(0x7fafb4f73000, 86016, PROT_READ, MAP_PRIVATE|MAP_FIXED|MAP_DENYWRITE, 3, 0xb000) = 0x7fafb4f73000
1681347 mmap(0x7fafb4f88000, 8192, PROT_READ|PROT_WRITE, MAP_PRIVATE|MAP_FIXED|MAP_DENYWRITE, 3, 0x1f000) = 0x7fafb4f88000
1681347 mmap(0x7fafb4f8a000, 45232, PROT_READ|PROT_WRITE, MAP_PRIVATE|MAP_FIXED|MAP_ANONYMOUS, -1, 0) = 0x7fafb4f8a000
1681347 close(3)                        = 0
1681347 openat(AT_FDCWD, "/lib/x86_64-linux-gnu/libcap-ng.so.0", O_RDONLY|O_CLOEXEC) = 3
1681347 read(3, "\177ELF\2\1\1\0\0\0\0\0\0\0\0\0\3\0>\0\1\0\0\0\0\0\0\0\0\0\0\0"..., 832) = 832
1681347 newfstatat(3, "", {st_mode=S_IFREG|0644, st_size=27072, ...}, AT_EMPTY_PATH) = 0
1681347 mmap(NULL, 28992, PROT_READ, MAP_PRIVATE|MAP_DENYWRITE, 3, 0) = 0x7fafb4f60000
1681347 mmap(0x7fafb4f62000, 12288, PROT_READ|PROT_EXEC, MAP_PRIVATE|MAP_FIXED|MAP_DENYWRITE, 3, 0x2000) = 0x7fafb4f62000
1681347 mmap(0x7fafb4f65000, 4096, PROT_READ, MAP_PRIVATE|MAP_FIXED|MAP_DENYWRITE, 3, 0x5000) = 0x7fafb4f65000
1681347 mmap(0x7fafb4f66000, 8192, PROT_READ|PROT_WRITE, MAP_PRIVATE|MAP_FIXED|MAP_DENYWRITE, 3, 0x5000) = 0x7fafb4f66000
1681347 close(3)                        = 0
1681347 mmap(NULL, 8192, PROT_READ|PROT_WRITE, MAP_PRIVATE|MAP_ANONYMOUS, -1, 0) = 0x7fafb4f5e000
1681347 arch_prctl(ARCH_SET_FS, 0x7fafb4f5f2c0) = 0
1681347 set_tid_address(0x7fafb4f5f590) = 1681347
1681347 set_robust_list(0x7fafb4f5f5a0, 24) = 0
1681347 rseq(0x7fafb4f5fc60, 0x20, 0, 0x53053053) = 0
1681347 mprotect(0x7fafb51ac000, 16384, PROT_READ) = 0
1681347 mprotect(0x7fafb4f66000, 4096, PROT_READ) = 0
1681347 mprotect(0x7fafb4f88000, 4096, PROT_READ) = 0
1681347 mprotect(0x7fafb51d5000, 4096, PROT_READ) = 0
1681347 mprotect(0x7fafb51c3000, 4096, PROT_READ) = 0
1681347 mprotect(0x55bdc4c4d000, 4096, PROT_READ) = 0
1681347 mprotect(0x7fafb522e000, 8192, PROT_READ) = 0
1681347 prlimit64(0, RLIMIT_STACK, NULL, {rlim_cur=8192*1024, rlim_max=RLIM64_INFINITY}) = 0
1681347 munmap(0x7fafb51d7000, 114716)  = 0
1681347 getrandom("\xf0\x4b\x56\x19\x7d\xca\x7a\xc6", 8, GRND_NONBLOCK) = 8
1681347 brk(NULL)                       = 0x55bde396e000
1681347 brk(0x55bde398f000)             = 0x55bde398f000
1681347 openat(AT_FDCWD, "/usr/lib/locale/locale-archive", O_RDONLY|O_CLOEXEC) = 3
1681347 newfstatat(3, "", {st_mode=S_IFREG|0644, st_size=6070224, ...}, AT_EMPTY_PATH) = 0
1681347 mmap(NULL, 6070224, PROT_READ, MAP_PRIVATE, 3, 0) = 0x7fafb4994000
1681347 close(3)                        = 0
1681347 getuid()                        = 1000
1681347 geteuid()                       = 1000
1681347 ioctl(0, TCGETS, {B38400 opost isig icanon echo ...}) = 0
1681347 ioctl(0, TCGETS, {B38400 opost isig icanon echo ...}) = 0
1681347 ioctl(0, TCGETS, {B38400 opost isig icanon echo ...}) = 0
1681347 ioctl(0, TCGETS, {B38400 opost isig icanon echo ...}) = 0
1681347 newfstatat(0, "", {st_mode=S_IFCHR|0620, st_rdev=makedev(0x88, 0), ...}, AT_EMPTY_PATH) = 0
1681347 readlink("/proc/self/fd/0", "/dev/pts/0", 4095) = 10
1681347 newfstatat(AT_FDCWD, "/dev/pts/0", {st_mode=S_IFCHR|0620, st_rdev=makedev(0x88, 0), ...}, 0) = 0
1681347 socket(AF_UNIX, SOCK_STREAM|SOCK_CLOEXEC|SOCK_NONBLOCK, 0) = 3
1681347 connect(3, {sa_family=AF_UNIX, sun_path="/var/run/nscd/socket"}, 110) = -1 ENOENT (No such file or directory)
1681347 close(3)                        = 0
1681347 socket(AF_UNIX, SOCK_STREAM|SOCK_CLOEXEC|SOCK_NONBLOCK, 0) = 3
1681347 connect(3, {sa_family=AF_UNIX, sun_path="/var/run/nscd/socket"}, 110) = -1 ENOENT (No such file or directory)
1681347 close(3)                        = 0
1681347 newfstatat(AT_FDCWD, "/etc/nsswitch.conf", {st_mode=S_IFREG|0644, st_size=553, ...}, 0) = 0
1681347 newfstatat(AT_FDCWD, "/", {st_mode=S_IFDIR|0755, st_size=4096, ...}, 0) = 0
1681347 openat(AT_FDCWD, "/etc/nsswitch.conf", O_RDONLY|O_CLOEXEC) = 3
1681347 newfstatat(3, "", {st_mode=S_IFREG|0644, st_size=553, ...}, AT_EMPTY_PATH) = 0
1681347 read(3, "# /etc/nsswitch.conf\n#\n# Example"..., 4096) = 553
1681347 read(3, "", 4096)               = 0
1681347 newfstatat(3, "", {st_mode=S_IFREG|0644, st_size=553, ...}, AT_EMPTY_PATH) = 0
1681347 close(3)                        = 0
1681347 openat(AT_FDCWD, "/etc/passwd", O_RDONLY|O_CLOEXEC) = 3
1681347 newfstatat(3, "", {st_mode=S_IFREG|0644, st_size=2940, ...}, AT_EMPTY_PATH) = 0
1681347 lseek(3, 0, SEEK_SET)           = 0
1681347 read(3, "root:x:0:0:root:/root:/bin/bash\n"..., 4096) = 2940
1681347 close(3)                        = 0
1681347 getuid()                        = 1000
1681347 newfstatat(AT_FDCWD, "/etc/nsswitch.conf", {st_mode=S_IFREG|0644, st_size=553, ...}, 0) = 0
1681347 openat(AT_FDCWD, "/etc/passwd", O_RDONLY|O_CLOEXEC) = 3
1681347 newfstatat(3, "", {st_mode=S_IFREG|0644, st_size=2940, ...}, AT_EMPTY_PATH) = 0
1681347 lseek(3, 0, SEEK_SET)           = 0
1681347 read(3, "root:x:0:0:root:/root:/bin/bash\n"..., 4096) = 2940
1681347 close(3)                        = 0
1681347 newfstatat(AT_FDCWD, "/etc/pam.d", {st_mode=S_IFDIR|0755, st_size=4096, ...}, 0) = 0
1681347 openat(AT_FDCWD, "/etc/pam.d/su", O_RDONLY) = 3
1681347 newfstatat(3, "", {st_mode=S_IFREG|0644, st_size=2259, ...}, AT_EMPTY_PATH) = 0
1681347 read(3, "#\n# The PAM configuration file f"..., 4096) = 2259
1681347 openat(AT_FDCWD, "/lib/x86_64-linux-gnu/security/pam_rootok.so", O_RDONLY|O_CLOEXEC) = 4
1681347 read(4, "\177ELF\2\1\1\0\0\0\0\0\0\0\0\0\3\0>\0\1\0\0\0\0\0\0\0\0\0\0\0"..., 832) = 832
1681347 newfstatat(4, "", {st_mode=S_IFREG|0644, st_size=14328, ...}, AT_EMPTY_PATH) = 0
1681347 mmap(NULL, 16400, PROT_READ, MAP_PRIVATE|MAP_DENYWRITE, 4, 0) = 0x7fafb51ef000
1681347 mmap(0x7fafb51f0000, 4096, PROT_READ|PROT_EXEC, MAP_PRIVATE|MAP_FIXED|MAP_DENYWRITE, 4, 0x1000) = 0x7fafb51f0000
1681347 mmap(0x7fafb51f1000, 4096, PROT_READ, MAP_PRIVATE|MAP_FIXED|MAP_DENYWRITE, 4, 0x2000) = 0x7fafb51f1000
1681347 mmap(0x7fafb51f2000, 8192, PROT_READ|PROT_WRITE, MAP_PRIVATE|MAP_FIXED|MAP_DENYWRITE, 4, 0x2000) = 0x7fafb51f2000
1681347 close(4)                        = 0
1681347 openat(AT_FDCWD, "/etc/ld.so.cache", O_RDONLY|O_CLOEXEC) = 4
1681347 newfstatat(4, "", {st_mode=S_IFREG|0644, st_size=114716, ...}, AT_EMPTY_PATH) = 0
1681347 mmap(NULL, 114716, PROT_READ, MAP_PRIVATE, 4, 0) = 0x7fafb4977000
1681347 close(4)                        = 0
1681347 openat(AT_FDCWD, "/lib/x86_64-linux-gnu/libselinux.so.1", O_RDONLY|O_CLOEXEC) = 4
1681347 read(4, "\177ELF\2\1\1\0\0\0\0\0\0\0\0\0\3\0>\0\1\0\0\0\0\0\0\0\0\0\0\0"..., 832) = 832
1681347 newfstatat(4, "", {st_mode=S_IFREG|0644, st_size=166280, ...}, AT_EMPTY_PATH) = 0
1681347 mmap(NULL, 177672, PROT_READ, MAP_PRIVATE|MAP_DENYWRITE, 4, 0) = 0x7fafb494b000
1681347 mprotect(0x7fafb4951000, 139264, PROT_NONE) = 0
1681347 mmap(0x7fafb4951000, 106496, PROT_READ|PROT_EXEC, MAP_PRIVATE|MAP_FIXED|MAP_DENYWRITE, 4, 0x6000) = 0x7fafb4951000
1681347 mmap(0x7fafb496b000, 28672, PROT_READ, MAP_PRIVATE|MAP_FIXED|MAP_DENYWRITE, 4, 0x20000) = 0x7fafb496b000
1681347 mmap(0x7fafb4973000, 8192, PROT_READ|PROT_WRITE, MAP_PRIVATE|MAP_FIXED|MAP_DENYWRITE, 4, 0x27000) = 0x7fafb4973000
1681347 mmap(0x7fafb4975000, 5640, PROT_READ|PROT_WRITE, MAP_PRIVATE|MAP_FIXED|MAP_ANONYMOUS, -1, 0) = 0x7fafb4975000
1681347 close(4)                        = 0
1681347 openat(AT_FDCWD, "/lib/x86_64-linux-gnu/libpcre2-8.so.0", O_RDONLY|O_CLOEXEC) = 4
1681347 read(4, "\177ELF\2\1\1\0\0\0\0\0\0\0\0\0\3\0>\0\1\0\0\0\0\0\0\0\0\0\0\0"..., 832) = 832
1681347 newfstatat(4, "", {st_mode=S_IFREG|0644, st_size=613064, ...}, AT_EMPTY_PATH) = 0
1681347 mmap(NULL, 615184, PROT_READ, MAP_PRIVATE|MAP_DENYWRITE, 4, 0) = 0x7fafb48b4000
1681347 mmap(0x7fafb48b6000, 438272, PROT_READ|PROT_EXEC, MAP_PRIVATE|MAP_FIXED|MAP_DENYWRITE, 4, 0x2000) = 0x7fafb48b6000
1681347 mmap(0x7fafb4921000, 163840, PROT_READ, MAP_PRIVATE|MAP_FIXED|MAP_DENYWRITE, 4, 0x6d000) = 0x7fafb4921000
1681347 mmap(0x7fafb4949000, 8192, PROT_READ|PROT_WRITE, MAP_PRIVATE|MAP_FIXED|MAP_DENYWRITE, 4, 0x94000) = 0x7fafb4949000
1681347 close(4)                        = 0
1681347 mprotect(0x7fafb4949000, 4096, PROT_READ) = 0
1681347 mprotect(0x7fafb4973000, 4096, PROT_READ) = 0
1681347 mprotect(0x7fafb51f2000, 4096, PROT_READ) = 0
1681347 statfs("/sys/fs/selinux", 0x7ffeac975000) = -1 ENOENT (No such file or directory)
1681347 statfs("/selinux", 0x7ffeac975000) = -1 ENOENT (No such file or directory)
1681347 openat(AT_FDCWD, "/proc/filesystems", O_RDONLY|O_CLOEXEC) = 4
1681347 newfstatat(4, "", {st_mode=S_IFREG|0444, st_size=0, ...}, AT_EMPTY_PATH) = 0
1681347 read(4, "nodev\tsysfs\nnodev\ttmpfs\nnodev\tbd"..., 1024) = 486
1681347 read(4, "", 1024)               = 0
1681347 close(4)                        = 0
1681347 access("/etc/selinux/config", F_OK) = -1 ENOENT (No such file or directory)
1681347 munmap(0x7fafb4977000, 114716)  = 0
1681347 openat(AT_FDCWD, "/lib/x86_64-linux-gnu/security/pam_env.so", O_RDONLY|O_CLOEXEC) = 4
1681347 read(4, "\177ELF\2\1\1\0\0\0\0\0\0\0\0\0\3\0>\0\1\0\0\0\0\0\0\0\0\0\0\0"..., 832) = 832
1681347 newfstatat(4, "", {st_mode=S_IFREG|0644, st_size=18424, ...}, AT_EMPTY_PATH) = 0
1681347 mmap(NULL, 20496, PROT_READ, MAP_PRIVATE|MAP_DENYWRITE, 4, 0) = 0x7fafb51e9000
1681347 mmap(0x7fafb51ea000, 8192, PROT_READ|PROT_EXEC, MAP_PRIVATE|MAP_FIXED|MAP_DENYWRITE, 4, 0x1000) = 0x7fafb51ea000
1681347 mmap(0x7fafb51ec000, 4096, PROT_READ, MAP_PRIVATE|MAP_FIXED|MAP_DENYWRITE, 4, 0x3000) = 0x7fafb51ec000
1681347 mmap(0x7fafb51ed000, 8192, PROT_READ|PROT_WRITE, MAP_PRIVATE|MAP_FIXED|MAP_DENYWRITE, 4, 0x3000) = 0x7fafb51ed000
1681347 close(4)                        = 0
1681347 mprotect(0x7fafb51ed000, 4096, PROT_READ) = 0
1681347 openat(AT_FDCWD, "/lib/x86_64-linux-gnu/security/pam_mail.so", O_RDONLY|O_CLOEXEC) = 4
1681347 read(4, "\177ELF\2\1\1\0\0\0\0\0\0\0\0\0\3\0>\0\1\0\0\0\0\0\0\0\0\0\0\0"..., 832) = 832
1681347 newfstatat(4, "", {st_mode=S_IFREG|0644, st_size=18424, ...}, AT_EMPTY_PATH) = 0
1681347 mmap(NULL, 20496, PROT_READ, MAP_PRIVATE|MAP_DENYWRITE, 4, 0) = 0x7fafb51e3000
1681347 mmap(0x7fafb51e4000, 8192, PROT_READ|PROT_EXEC, MAP_PRIVATE|MAP_FIXED|MAP_DENYWRITE, 4, 0x1000) = 0x7fafb51e4000
1681347 mmap(0x7fafb51e6000, 4096, PROT_READ, MAP_PRIVATE|MAP_FIXED|MAP_DENYWRITE, 4, 0x3000) = 0x7fafb51e6000
1681347 mmap(0x7fafb51e7000, 8192, PROT_READ|PROT_WRITE, MAP_PRIVATE|MAP_FIXED|MAP_DENYWRITE, 4, 0x3000) = 0x7fafb51e7000
1681347 close(4)                        = 0
1681347 mprotect(0x7fafb51e7000, 4096, PROT_READ) = 0
1681347 openat(AT_FDCWD, "/lib/x86_64-linux-gnu/security/pam_limits.so", O_RDONLY|O_CLOEXEC) = 4
1681347 read(4, "\177ELF\2\1\1\0\0\0\0\0\0\0\0\0\3\0>\0\1\0\0\0\0\0\0\0\0\0\0\0"..., 832) = 832
1681347 newfstatat(4, "", {st_mode=S_IFREG|0644, st_size=26696, ...}, AT_EMPTY_PATH) = 0
1681347 mmap(NULL, 28688, PROT_READ, MAP_PRIVATE|MAP_DENYWRITE, 4, 0) = 0x7fafb51db000
1681347 mmap(0x7fafb51dd000, 12288, PROT_READ|PROT_EXEC, MAP_PRIVATE|MAP_FIXED|MAP_DENYWRITE, 4, 0x2000) = 0x7fafb51dd000
1681347 mmap(0x7fafb51e0000, 4096, PROT_READ, MAP_PRIVATE|MAP_FIXED|MAP_DENYWRITE, 4, 0x5000) = 0x7fafb51e0000
1681347 mmap(0x7fafb51e1000, 8192, PROT_READ|PROT_WRITE, MAP_PRIVATE|MAP_FIXED|MAP_DENYWRITE, 4, 0x5000) = 0x7fafb51e1000
1681347 close(4)                        = 0
1681347 mprotect(0x7fafb51e1000, 4096, PROT_READ) = 0
1681347 newfstatat(AT_FDCWD, "/etc/pam.d", {st_mode=S_IFDIR|0755, st_size=4096, ...}, 0) = 0
1681347 openat(AT_FDCWD, "/etc/pam.d/common-auth", O_RDONLY) = 4
1681347 newfstatat(4, "", {st_mode=S_IFREG|0644, st_size=1279, ...}, AT_EMPTY_PATH) = 0
1681347 read(4, "#\n# /etc/pam.d/common-auth - aut"..., 4096) = 1279
1681347 openat(AT_FDCWD, "/lib/x86_64-linux-gnu/security/pam_unix.so", O_RDONLY|O_CLOEXEC) = 5
1681347 read(5, "\177ELF\2\1\1\0\0\0\0\0\0\0\0\0\3\0>\0\1\0\0\0\0\0\0\0\0\0\0\0"..., 832) = 832
1681347 newfstatat(5, "", {st_mode=S_IFREG|0644, st_size=59464, ...}, AT_EMPTY_PATH) = 0
1681347 mmap(NULL, 110696, PROT_READ, MAP_PRIVATE|MAP_DENYWRITE, 5, 0) = 0x7fafb4978000
1681347 mprotect(0x7fafb497b000, 45056, PROT_NONE) = 0
1681347 mmap(0x7fafb497b000, 32768, PROT_READ|PROT_EXEC, MAP_PRIVATE|MAP_FIXED|MAP_DENYWRITE, 5, 0x3000) = 0x7fafb497b000
1681347 mmap(0x7fafb4983000, 8192, PROT_READ, MAP_PRIVATE|MAP_FIXED|MAP_DENYWRITE, 5, 0xb000) = 0x7fafb4983000
1681347 mmap(0x7fafb4986000, 8192, PROT_READ|PROT_WRITE, MAP_PRIVATE|MAP_FIXED|MAP_DENYWRITE, 5, 0xd000) = 0x7fafb4986000
1681347 mmap(0x7fafb4988000, 45160, PROT_READ|PROT_WRITE, MAP_PRIVATE|MAP_FIXED|MAP_ANONYMOUS, -1, 0) = 0x7fafb4988000
1681347 close(5)                        = 0
1681347 openat(AT_FDCWD, "/etc/ld.so.cache", O_RDONLY|O_CLOEXEC) = 5
1681347 newfstatat(5, "", {st_mode=S_IFREG|0644, st_size=114716, ...}, AT_EMPTY_PATH) = 0
1681347 mmap(NULL, 114716, PROT_READ, MAP_PRIVATE, 5, 0) = 0x7fafb4897000
1681347 close(5)                        = 0
1681347 openat(AT_FDCWD, "/lib/x86_64-linux-gnu/libcrypt.so.1", O_RDONLY|O_CLOEXEC) = 5
1681347 read(5, "\177ELF\2\1\1\0\0\0\0\0\0\0\0\0\3\0>\0\1\0\0\0@ \0\0\0\0\0\0"..., 832) = 832
1681347 newfstatat(5, "", {st_mode=S_IFREG|0644, st_size=198664, ...}, AT_EMPTY_PATH) = 0
1681347 mmap(NULL, 233888, PROT_READ, MAP_PRIVATE|MAP_DENYWRITE, 5, 0) = 0x7fafb485d000
1681347 mprotect(0x7fafb485f000, 188416, PROT_NONE) = 0
1681347 mmap(0x7fafb485f000, 81920, PROT_READ|PROT_EXEC, MAP_PRIVATE|MAP_FIXED|MAP_DENYWRITE, 5, 0x2000) = 0x7fafb485f000
1681347 mmap(0x7fafb4873000, 102400, PROT_READ, MAP_PRIVATE|MAP_FIXED|MAP_DENYWRITE, 5, 0x16000) = 0x7fafb4873000
1681347 mmap(0x7fafb488d000, 8192, PROT_READ|PROT_WRITE, MAP_PRIVATE|MAP_FIXED|MAP_DENYWRITE, 5, 0x2f000) = 0x7fafb488d000
1681347 mmap(0x7fafb488f000, 29088, PROT_READ|PROT_WRITE, MAP_PRIVATE|MAP_FIXED|MAP_ANONYMOUS, -1, 0) = 0x7fafb488f000
1681347 close(5)                        = 0
1681347 openat(AT_FDCWD, "/lib/x86_64-linux-gnu/libnsl.so.2", O_RDONLY|O_CLOEXEC) = 5
1681347 read(5, "\177ELF\2\1\1\0\0\0\0\0\0\0\0\0\3\0>\0\1\0\0\0\0\0\0\0\0\0\0\0"..., 832) = 832
1681347 newfstatat(5, "", {st_mode=S_IFREG|0644, st_size=93280, ...}, AT_EMPTY_PATH) = 0
1681347 mmap(NULL, 105032, PROT_READ, MAP_PRIVATE|MAP_DENYWRITE, 5, 0) = 0x7fafb4843000
1681347 mmap(0x7fafb4847000, 57344, PROT_READ|PROT_EXEC, MAP_PRIVATE|MAP_FIXED|MAP_DENYWRITE, 5, 0x4000) = 0x7fafb4847000
1681347 mmap(0x7fafb4855000, 16384, PROT_READ, MAP_PRIVATE|MAP_FIXED|MAP_DENYWRITE, 5, 0x12000) = 0x7fafb4855000
1681347 mmap(0x7fafb4859000, 8192, PROT_READ|PROT_WRITE, MAP_PRIVATE|MAP_FIXED|MAP_DENYWRITE, 5, 0x15000) = 0x7fafb4859000
1681347 mmap(0x7fafb485b000, 6728, PROT_READ|PROT_WRITE, MAP_PRIVATE|MAP_FIXED|MAP_ANONYMOUS, -1, 0) = 0x7fafb485b000
1681347 close(5)                        = 0
1681347 openat(AT_FDCWD, "/lib/x86_64-linux-gnu/libtirpc.so.3", O_RDONLY|O_CLOEXEC) = 5
1681347 read(5, "\177ELF\2\1\1\0\0\0\0\0\0\0\0\0\3\0>\0\1\0\0\0\0\0\0\0\0\0\0\0"..., 832) = 832
1681347 newfstatat(5, "", {st_mode=S_IFREG|0644, st_size=182912, ...}, AT_EMPTY_PATH) = 0
1681347 mmap(NULL, 187256, PROT_READ, MAP_PRIVATE|MAP_DENYWRITE, 5, 0) = 0x7fafb4815000
1681347 mprotect(0x7fafb481c000, 151552, PROT_NONE) = 0
1681347 mmap(0x7fafb481c000, 110592, PROT_READ|PROT_EXEC, MAP_PRIVATE|MAP_FIXED|MAP_DENYWRITE, 5, 0x7000) = 0x7fafb481c000
1681347 mmap(0x7fafb4837000, 36864, PROT_READ, MAP_PRIVATE|MAP_FIXED|MAP_DENYWRITE, 5, 0x22000) = 0x7fafb4837000
1681347 mmap(0x7fafb4841000, 8192, PROT_READ|PROT_WRITE, MAP_PRIVATE|MAP_FIXED|MAP_DENYWRITE, 5, 0x2b000) = 0x7fafb4841000
1681347 close(5)                        = 0
1681347 openat(AT_FDCWD, "/lib/x86_64-linux-gnu/libgssapi_krb5.so.2", O_RDONLY|O_CLOEXEC) = 5
1681347 read(5, "\177ELF\2\1\1\0\0\0\0\0\0\0\0\0\3\0>\0\1\0\0\0\0\0\0\0\0\0\0\0"..., 832) = 832
1681347 newfstatat(5, "", {st_mode=S_IFREG|0644, st_size=338648, ...}, AT_EMPTY_PATH) = 0
1681347 mmap(NULL, 340960, PROT_READ, MAP_PRIVATE|MAP_DENYWRITE, 5, 0) = 0x7fafb47c1000
1681347 mprotect(0x7fafb47cc000, 282624, PROT_NONE) = 0
1681347 mmap(0x7fafb47cc000, 229376, PROT_READ|PROT_EXEC, MAP_PRIVATE|MAP_FIXED|MAP_DENYWRITE, 5, 0xb000) = 0x7fafb47cc000
1681347 mmap(0x7fafb4804000, 49152, PROT_READ, MAP_PRIVATE|MAP_FIXED|MAP_DENYWRITE, 5, 0x43000) = 0x7fafb4804000
1681347 mmap(0x7fafb4811000, 16384, PROT_READ|PROT_WRITE, MAP_PRIVATE|MAP_FIXED|MAP_DENYWRITE, 5, 0x4f000) = 0x7fafb4811000
1681347 close(5)                        = 0
1681347 openat(AT_FDCWD, "/lib/x86_64-linux-gnu/libkrb5.so.3", O_RDONLY|O_CLOEXEC) = 5
1681347 read(5, "\177ELF\2\1\1\0\0\0\0\0\0\0\0\0\3\0>\0\1\0\0\0\0\0\0\0\0\0\0\0"..., 832) = 832
1681347 newfstatat(5, "", {st_mode=S_IFREG|0644, st_size=827936, ...}, AT_EMPTY_PATH) = 0
1681347 mmap(NULL, 830576, PROT_READ, MAP_PRIVATE|MAP_DENYWRITE, 5, 0) = 0x7fafb46f6000
1681347 mprotect(0x7fafb4717000, 634880, PROT_NONE) = 0
1681347 mmap(0x7fafb4717000, 380928, PROT_READ|PROT_EXEC, MAP_PRIVATE|MAP_FIXED|MAP_DENYWRITE, 5, 0x21000) = 0x7fafb4717000
1681347 mmap(0x7fafb4774000, 249856, PROT_READ, MAP_PRIVATE|MAP_FIXED|MAP_DENYWRITE, 5, 0x7e000) = 0x7fafb4774000
1681347 mmap(0x7fafb47b2000, 61440, PROT_READ|PROT_WRITE, MAP_PRIVATE|MAP_FIXED|MAP_DENYWRITE, 5, 0xbb000) = 0x7fafb47b2000
1681347 close(5)                        = 0
1681347 openat(AT_FDCWD, "/lib/x86_64-linux-gnu/libk5crypto.so.3", O_RDONLY|O_CLOEXEC) = 5
1681347 read(5, "\177ELF\2\1\1\0\0\0\0\0\0\0\0\0\3\0>\0\1\0\0\0\0\0\0\0\0\0\0\0"..., 832) = 832
1681347 newfstatat(5, "", {st_mode=S_IFREG|0644, st_size=182864, ...}, AT_EMPTY_PATH) = 0
1681347 mmap(NULL, 188472, PROT_READ, MAP_PRIVATE|MAP_DENYWRITE, 5, 0) = 0x7fafb46c7000
1681347 mprotect(0x7fafb46cb000, 163840, PROT_NONE) = 0
1681347 mmap(0x7fafb46cb000, 110592, PROT_READ|PROT_EXEC, MAP_PRIVATE|MAP_FIXED|MAP_DENYWRITE, 5, 0x4000) = 0x7fafb46cb000
1681347 mmap(0x7fafb46e6000, 49152, PROT_READ, MAP_PRIVATE|MAP_FIXED|MAP_DENYWRITE, 5, 0x1f000) = 0x7fafb46e6000
1681347 mmap(0x7fafb46f3000, 8192, PROT_READ|PROT_WRITE, MAP_PRIVATE|MAP_FIXED|MAP_DENYWRITE, 5, 0x2b000) = 0x7fafb46f3000
1681347 mmap(0x7fafb46f5000, 56, PROT_READ|PROT_WRITE, MAP_PRIVATE|MAP_FIXED|MAP_ANONYMOUS, -1, 0) = 0x7fafb46f5000
1681347 close(5)                        = 0
1681347 openat(AT_FDCWD, "/lib/x86_64-linux-gnu/libcom_err.so.2", O_RDONLY|O_CLOEXEC) = 5
1681347 read(5, "\177ELF\2\1\1\0\0\0\0\0\0\0\0\0\3\0>\0\1\0\0\0\0\0\0\0\0\0\0\0"..., 832) = 832
1681347 newfstatat(5, "", {st_mode=S_IFREG|0644, st_size=18504, ...}, AT_EMPTY_PATH) = 0
1681347 mmap(NULL, 20552, PROT_READ, MAP_PRIVATE|MAP_DENYWRITE, 5, 0) = 0x7fafb46c1000
1681347 mmap(0x7fafb46c3000, 4096, PROT_READ|PROT_EXEC, MAP_PRIVATE|MAP_FIXED|MAP_DENYWRITE, 5, 0x2000) = 0x7fafb46c3000
1681347 mmap(0x7fafb46c4000, 4096, PROT_READ, MAP_PRIVATE|MAP_FIXED|MAP_DENYWRITE, 5, 0x3000) = 0x7fafb46c4000
1681347 mmap(0x7fafb46c5000, 8192, PROT_READ|PROT_WRITE, MAP_PRIVATE|MAP_FIXED|MAP_DENYWRITE, 5, 0x3000) = 0x7fafb46c5000
1681347 close(5)                        = 0
1681347 openat(AT_FDCWD, "/lib/x86_64-linux-gnu/libkrb5support.so.0", O_RDONLY|O_CLOEXEC) = 5
1681347 read(5, "\177ELF\2\1\1\0\0\0\0\0\0\0\0\0\3\0>\0\1\0\0\0\0\0\0\0\0\0\0\0"..., 832) = 832
1681347 newfstatat(5, "", {st_mode=S_IFREG|0644, st_size=52016, ...}, AT_EMPTY_PATH) = 0
1681347 mmap(NULL, 54224, PROT_READ, MAP_PRIVATE|MAP_DENYWRITE, 5, 0) = 0x7fafb46b3000
1681347 mprotect(0x7fafb46b6000, 36864, PROT_NONE) = 0
1681347 mmap(0x7fafb46b6000, 24576, PROT_READ|PROT_EXEC, MAP_PRIVATE|MAP_FIXED|MAP_DENYWRITE, 5, 0x3000) = 0x7fafb46b6000
1681347 mmap(0x7fafb46bc000, 8192, PROT_READ, MAP_PRIVATE|MAP_FIXED|MAP_DENYWRITE, 5, 0x9000) = 0x7fafb46bc000
1681347 mmap(0x7fafb46bf000, 8192, PROT_READ|PROT_WRITE, MAP_PRIVATE|MAP_FIXED|MAP_DENYWRITE, 5, 0xb000) = 0x7fafb46bf000
1681347 close(5)                        = 0
1681347 openat(AT_FDCWD, "/lib/x86_64-linux-gnu/libkeyutils.so.1", O_RDONLY|O_CLOEXEC) = 5
1681347 read(5, "\177ELF\2\1\1\0\0\0\0\0\0\0\0\0\3\0>\0\1\0\0\0\0\0\0\0\0\0\0\0"..., 832) = 832
1681347 newfstatat(5, "", {st_mode=S_IFREG|0644, st_size=22600, ...}, AT_EMPTY_PATH) = 0
1681347 mmap(NULL, 24592, PROT_READ, MAP_PRIVATE|MAP_DENYWRITE, 5, 0) = 0x7fafb46ac000
1681347 mmap(0x7fafb46ae000, 8192, PROT_READ|PROT_EXEC, MAP_PRIVATE|MAP_FIXED|MAP_DENYWRITE, 5, 0x2000) = 0x7fafb46ae000
1681347 mmap(0x7fafb46b0000, 4096, PROT_READ, MAP_PRIVATE|MAP_FIXED|MAP_DENYWRITE, 5, 0x4000) = 0x7fafb46b0000
1681347 mmap(0x7fafb46b1000, 8192, PROT_READ|PROT_WRITE, MAP_PRIVATE|MAP_FIXED|MAP_DENYWRITE, 5, 0x4000) = 0x7fafb46b1000
1681347 close(5)                        = 0
1681347 openat(AT_FDCWD, "/lib/x86_64-linux-gnu/libresolv.so.2", O_RDONLY|O_CLOEXEC) = 5
1681347 read(5, "\177ELF\2\1\1\0\0\0\0\0\0\0\0\0\3\0>\0\1\0\0\0\0\0\0\0\0\0\0\0"..., 832) = 832
1681347 newfstatat(5, "", {st_mode=S_IFREG|0644, st_size=68552, ...}, AT_EMPTY_PATH) = 0
1681347 mmap(NULL, 80456, PROT_READ, MAP_PRIVATE|MAP_DENYWRITE, 5, 0) = 0x7fafb4698000
1681347 mmap(0x7fafb469b000, 40960, PROT_READ|PROT_EXEC, MAP_PRIVATE|MAP_FIXED|MAP_DENYWRITE, 5, 0x3000) = 0x7fafb469b000
1681347 mmap(0x7fafb46a5000, 12288, PROT_READ, MAP_PRIVATE|MAP_FIXED|MAP_DENYWRITE, 5, 0xd000) = 0x7fafb46a5000
1681347 mmap(0x7fafb46a8000, 8192, PROT_READ|PROT_WRITE, MAP_PRIVATE|MAP_FIXED|MAP_DENYWRITE, 5, 0xf000) = 0x7fafb46a8000
1681347 mmap(0x7fafb46aa000, 6728, PROT_READ|PROT_WRITE, MAP_PRIVATE|MAP_FIXED|MAP_ANONYMOUS, -1, 0) = 0x7fafb46aa000
1681347 close(5)                        = 0
1681347 mprotect(0x7fafb46a8000, 4096, PROT_READ) = 0
1681347 mprotect(0x7fafb46b1000, 4096, PROT_READ) = 0
1681347 mprotect(0x7fafb46bf000, 4096, PROT_READ) = 0
1681347 mprotect(0x7fafb46c5000, 4096, PROT_READ) = 0
1681347 mprotect(0x7fafb46f3000, 4096, PROT_READ) = 0
1681347 mprotect(0x7fafb47b2000, 53248, PROT_READ) = 0
1681347 mprotect(0x7fafb4811000, 8192, PROT_READ) = 0
1681347 mprotect(0x7fafb4841000, 4096, PROT_READ) = 0
1681347 mprotect(0x7fafb4859000, 4096, PROT_READ) = 0
1681347 mprotect(0x7fafb488d000, 4096, PROT_READ) = 0
1681347 mprotect(0x7fafb4986000, 4096, PROT_READ) = 0
1681347 munmap(0x7fafb4897000, 114716)  = 0
1681347 openat(AT_FDCWD, "/lib/x86_64-linux-gnu/security/pam_deny.so", O_RDONLY|O_CLOEXEC) = 5
1681347 read(5, "\177ELF\2\1\1\0\0\0\0\0\0\0\0\0\3\0>\0\1\0\0\0\0\0\0\0\0\0\0\0"..., 832) = 832
1681347 newfstatat(5, "", {st_mode=S_IFREG|0644, st_size=13960, ...}, AT_EMPTY_PATH) = 0
1681347 mmap(NULL, 16400, PROT_READ, MAP_PRIVATE|MAP_DENYWRITE, 5, 0) = 0x7fafb48af000
1681347 mmap(0x7fafb48b0000, 4096, PROT_READ|PROT_EXEC, MAP_PRIVATE|MAP_FIXED|MAP_DENYWRITE, 5, 0x1000) = 0x7fafb48b0000
1681347 mmap(0x7fafb48b1000, 4096, PROT_READ, MAP_PRIVATE|MAP_FIXED|MAP_DENYWRITE, 5, 0x2000) = 0x7fafb48b1000
1681347 mmap(0x7fafb48b2000, 8192, PROT_READ|PROT_WRITE, MAP_PRIVATE|MAP_FIXED|MAP_DENYWRITE, 5, 0x2000) = 0x7fafb48b2000
1681347 close(5)                        = 0
1681347 mprotect(0x7fafb48b2000, 4096, PROT_READ) = 0
1681347 openat(AT_FDCWD, "/lib/x86_64-linux-gnu/security/pam_permit.so", O_RDONLY|O_CLOEXEC) = 5
1681347 read(5, "\177ELF\2\1\1\0\0\0\0\0\0\0\0\0\3\0>\0\1\0\0\0\0\0\0\0\0\0\0\0"..., 832) = 832
1681347 newfstatat(5, "", {st_mode=S_IFREG|0644, st_size=14328, ...}, AT_EMPTY_PATH) = 0
1681347 mmap(NULL, 16400, PROT_READ, MAP_PRIVATE|MAP_DENYWRITE, 5, 0) = 0x7fafb48aa000
1681347 mmap(0x7fafb48ab000, 4096, PROT_READ|PROT_EXEC, MAP_PRIVATE|MAP_FIXED|MAP_DENYWRITE, 5, 0x1000) = 0x7fafb48ab000
1681347 mmap(0x7fafb48ac000, 4096, PROT_READ, MAP_PRIVATE|MAP_FIXED|MAP_DENYWRITE, 5, 0x2000) = 0x7fafb48ac000
1681347 mmap(0x7fafb48ad000, 8192, PROT_READ|PROT_WRITE, MAP_PRIVATE|MAP_FIXED|MAP_DENYWRITE, 5, 0x2000) = 0x7fafb48ad000
1681347 close(5)                        = 0
1681347 mprotect(0x7fafb48ad000, 4096, PROT_READ) = 0
1681347 openat(AT_FDCWD, "/lib/x86_64-linux-gnu/security/pam_ecryptfs.so", O_RDONLY|O_CLOEXEC) = 5
1681347 read(5, "\177ELF\2\1\1\0\0\0\0\0\0\0\0\0\3\0>\0\1\0\0\0\200%\0\0\0\0\0\0"..., 832) = 832
1681347 newfstatat(5, "", {st_mode=S_IFREG|0644, st_size=22520, ...}, AT_EMPTY_PATH) = 0
1681347 mmap(NULL, 24592, PROT_READ, MAP_PRIVATE|MAP_DENYWRITE, 5, 0) = 0x7fafb48a3000
1681347 mmap(0x7fafb48a5000, 8192, PROT_READ|PROT_EXEC, MAP_PRIVATE|MAP_FIXED|MAP_DENYWRITE, 5, 0x2000) = 0x7fafb48a5000
1681347 mmap(0x7fafb48a7000, 4096, PROT_READ, MAP_PRIVATE|MAP_FIXED|MAP_DENYWRITE, 5, 0x4000) = 0x7fafb48a7000
1681347 mmap(0x7fafb48a8000, 8192, PROT_READ|PROT_WRITE, MAP_PRIVATE|MAP_FIXED|MAP_DENYWRITE, 5, 0x4000) = 0x7fafb48a8000
1681347 close(5)                        = 0
1681347 openat(AT_FDCWD, "/etc/ld.so.cache", O_RDONLY|O_CLOEXEC) = 5
1681347 newfstatat(5, "", {st_mode=S_IFREG|0644, st_size=114716, ...}, AT_EMPTY_PATH) = 0
1681347 mmap(NULL, 114716, PROT_READ, MAP_PRIVATE, 5, 0) = 0x7fafb467b000
1681347 close(5)                        = 0
1681347 openat(AT_FDCWD, "/lib/x86_64-linux-gnu/libecryptfs.so.1", O_RDONLY|O_CLOEXEC) = 5
1681347 read(5, "\177ELF\2\1\1\0\0\0\0\0\0\0\0\0\3\0>\0\1\0\0\0\0\\\0\0\0\0\0\0"..., 832) = 832
1681347 newfstatat(5, "", {st_mode=S_IFREG|0644, st_size=143872, ...}, AT_EMPTY_PATH) = 0
1681347 mmap(NULL, 145896, PROT_READ, MAP_PRIVATE|MAP_DENYWRITE, 5, 0) = 0x7fafb4657000
1681347 mmap(0x7fafb465c000, 45056, PROT_READ|PROT_EXEC, MAP_PRIVATE|MAP_FIXED|MAP_DENYWRITE, 5, 0x5000) = 0x7fafb465c000
1681347 mmap(0x7fafb4667000, 24576, PROT_READ, MAP_PRIVATE|MAP_FIXED|MAP_DENYWRITE, 5, 0x10000) = 0x7fafb4667000
1681347 mmap(0x7fafb466d000, 57344, PROT_READ|PROT_WRITE, MAP_PRIVATE|MAP_FIXED|MAP_DENYWRITE, 5, 0x15000) = 0x7fafb466d000
1681347 close(5)                        = 0
1681347 openat(AT_FDCWD, "/lib/x86_64-linux-gnu/libnss3.so", O_RDONLY|O_CLOEXEC) = 5
1681347 read(5, "\177ELF\2\1\1\0\0\0\0\0\0\0\0\0\3\0>\0\1\0\0\0\0\0\0\0\0\0\0\0"..., 832) = 832
1681347 newfstatat(5, "", {st_mode=S_IFREG|0644, st_size=1240024, ...}, AT_EMPTY_PATH) = 0
1681347 mmap(NULL, 1248136, PROT_READ, MAP_PRIVATE|MAP_DENYWRITE, 5, 0) = 0x7fafb4526000
1681347 mmap(0x7fafb453e000, 905216, PROT_READ|PROT_EXEC, MAP_PRIVATE|MAP_FIXED|MAP_DENYWRITE, 5, 0x18000) = 0x7fafb453e000
1681347 mmap(0x7fafb461b000, 208896, PROT_READ, MAP_PRIVATE|MAP_FIXED|MAP_DENYWRITE, 5, 0xf5000) = 0x7fafb461b000
1681347 mmap(0x7fafb464e000, 32768, PROT_READ|PROT_WRITE, MAP_PRIVATE|MAP_FIXED|MAP_DENYWRITE, 5, 0x127000) = 0x7fafb464e000
1681347 mmap(0x7fafb4656000, 2952, PROT_READ|PROT_WRITE, MAP_PRIVATE|MAP_FIXED|MAP_ANONYMOUS, -1, 0) = 0x7fafb4656000
1681347 close(5)                        = 0
1681347 openat(AT_FDCWD, "/lib/x86_64-linux-gnu/libdl.so.2", O_RDONLY|O_CLOEXEC) = 5
1681347 read(5, "\177ELF\2\1\1\0\0\0\0\0\0\0\0\0\3\0>\0\1\0\0\0\0\0\0\0\0\0\0\0"..., 832) = 832
1681347 newfstatat(5, "", {st_mode=S_IFREG|0644, st_size=14432, ...}, AT_EMPTY_PATH) = 0
1681347 mmap(NULL, 16424, PROT_READ, MAP_PRIVATE|MAP_DENYWRITE, 5, 0) = 0x7fafb489e000
1681347 mmap(0x7fafb489f000, 4096, PROT_READ|PROT_EXEC, MAP_PRIVATE|MAP_FIXED|MAP_DENYWRITE, 5, 0x1000) = 0x7fafb489f000
1681347 mmap(0x7fafb48a0000, 4096, PROT_READ, MAP_PRIVATE|MAP_FIXED|MAP_DENYWRITE, 5, 0x2000) = 0x7fafb48a0000
1681347 mmap(0x7fafb48a1000, 8192, PROT_READ|PROT_WRITE, MAP_PRIVATE|MAP_FIXED|MAP_DENYWRITE, 5, 0x2000) = 0x7fafb48a1000
1681347 close(5)                        = 0
1681347 openat(AT_FDCWD, "/lib/x86_64-linux-gnu/libnssutil3.so", O_RDONLY|O_CLOEXEC) = 5
1681347 read(5, "\177ELF\2\1\1\0\0\0\0\0\0\0\0\0\3\0>\0\1\0\0\0\0\0\0\0\0\0\0\0"..., 832) = 832
1681347 newfstatat(5, "", {st_mode=S_IFREG|0644, st_size=203816, ...}, AT_EMPTY_PATH) = 0
1681347 mmap(NULL, 207336, PROT_READ, MAP_PRIVATE|MAP_DENYWRITE, 5, 0) = 0x7fafb44f3000
1681347 mprotect(0x7fafb44ff000, 126976, PROT_NONE) = 0
1681347 mmap(0x7fafb44ff000, 73728, PROT_READ|PROT_EXEC, MAP_PRIVATE|MAP_FIXED|MAP_DENYWRITE, 5, 0xc000) = 0x7fafb44ff000
1681347 mmap(0x7fafb4511000, 49152, PROT_READ, MAP_PRIVATE|MAP_FIXED|MAP_DENYWRITE, 5, 0x1e000) = 0x7fafb4511000
1681347 mmap(0x7fafb451e000, 32768, PROT_READ|PROT_WRITE, MAP_PRIVATE|MAP_FIXED|MAP_DENYWRITE, 5, 0x2a000) = 0x7fafb451e000
1681347 close(5)                        = 0
1681347 openat(AT_FDCWD, "/lib/x86_64-linux-gnu/libplc4.so", O_RDONLY|O_CLOEXEC) = 5
1681347 read(5, "\177ELF\2\1\1\0\0\0\0\0\0\0\0\0\3\0>\0\1\0\0\0\0\0\0\0\0\0\0\0"..., 832) = 832
1681347 newfstatat(5, "", {st_mode=S_IFREG|0644, st_size=22784, ...}, AT_EMPTY_PATH) = 0
1681347 mmap(NULL, 24720, PROT_READ, MAP_PRIVATE|MAP_DENYWRITE, 5, 0) = 0x7fafb4897000
1681347 mmap(0x7fafb4899000, 8192, PROT_READ|PROT_EXEC, MAP_PRIVATE|MAP_FIXED|MAP_DENYWRITE, 5, 0x2000) = 0x7fafb4899000
1681347 mmap(0x7fafb489b000, 4096, PROT_READ, MAP_PRIVATE|MAP_FIXED|MAP_DENYWRITE, 5, 0x4000) = 0x7fafb489b000
1681347 mmap(0x7fafb489c000, 8192, PROT_READ|PROT_WRITE, MAP_PRIVATE|MAP_FIXED|MAP_DENYWRITE, 5, 0x4000) = 0x7fafb489c000
1681347 close(5)                        = 0
1681347 openat(AT_FDCWD, "/lib/x86_64-linux-gnu/libplds4.so", O_RDONLY|O_CLOEXEC) = 5
1681347 read(5, "\177ELF\2\1\1\0\0\0\0\0\0\0\0\0\3\0>\0\1\0\0\0\0\0\0\0\0\0\0\0"..., 832) = 832
1681347 newfstatat(5, "", {st_mode=S_IFREG|0644, st_size=14624, ...}, AT_EMPTY_PATH) = 0
1681347 mmap(NULL, 16544, PROT_READ, MAP_PRIVATE|MAP_DENYWRITE, 5, 0) = 0x7fafb44ee000
1681347 mmap(0x7fafb44ef000, 4096, PROT_READ|PROT_EXEC, MAP_PRIVATE|MAP_FIXED|MAP_DENYWRITE, 5, 0x1000) = 0x7fafb44ef000
1681347 mmap(0x7fafb44f0000, 4096, PROT_READ, MAP_PRIVATE|MAP_FIXED|MAP_DENYWRITE, 5, 0x2000) = 0x7fafb44f0000
1681347 mmap(0x7fafb44f1000, 8192, PROT_READ|PROT_WRITE, MAP_PRIVATE|MAP_FIXED|MAP_DENYWRITE, 5, 0x2000) = 0x7fafb44f1000
1681347 close(5)                        = 0
1681347 openat(AT_FDCWD, "/lib/x86_64-linux-gnu/libnspr4.so", O_RDONLY|O_CLOEXEC) = 5
1681347 read(5, "\177ELF\2\1\1\0\0\0\0\0\0\0\0\0\3\0>\0\1\0\0\0\0\0\0\0\0\0\0\0"..., 832) = 832
1681347 newfstatat(5, "", {st_mode=S_IFREG|0644, st_size=246248, ...}, AT_EMPTY_PATH) = 0
1681347 mmap(NULL, 258960, PROT_READ, MAP_PRIVATE|MAP_DENYWRITE, 5, 0) = 0x7fafb44ae000
1681347 mmap(0x7fafb44b9000, 139264, PROT_READ|PROT_EXEC, MAP_PRIVATE|MAP_FIXED|MAP_DENYWRITE, 5, 0xb000) = 0x7fafb44b9000
1681347 mmap(0x7fafb44db000, 57344, PROT_READ, MAP_PRIVATE|MAP_FIXED|MAP_DENYWRITE, 5, 0x2d000) = 0x7fafb44db000
1681347 mmap(0x7fafb44e9000, 8192, PROT_READ|PROT_WRITE, MAP_PRIVATE|MAP_FIXED|MAP_DENYWRITE, 5, 0x3a000) = 0x7fafb44e9000
1681347 mmap(0x7fafb44eb000, 9104, PROT_READ|PROT_WRITE, MAP_PRIVATE|MAP_FIXED|MAP_ANONYMOUS, -1, 0) = 0x7fafb44eb000
1681347 close(5)                        = 0
1681347 mprotect(0x7fafb44e9000, 4096, PROT_READ) = 0
1681347 mprotect(0x7fafb44f1000, 4096, PROT_READ) = 0
1681347 mprotect(0x7fafb489c000, 4096, PROT_READ) = 0
1681347 mprotect(0x7fafb451e000, 28672, PROT_READ) = 0
1681347 mprotect(0x7fafb48a1000, 4096, PROT_READ) = 0
1681347 mprotect(0x7fafb464e000, 24576, PROT_READ) = 0
1681347 mprotect(0x7fafb466d000, 4096, PROT_READ) = 0
1681347 mprotect(0x7fafb48a8000, 4096, PROT_READ) = 0
1681347 munmap(0x7fafb467b000, 114716)  = 0
1681347 openat(AT_FDCWD, "/lib/x86_64-linux-gnu/security/pam_cap.so", O_RDONLY|O_CLOEXEC) = 5
1681347 read(5, "\177ELF\2\1\1\0\0\0\0\0\0\0\0\0\3\0>\0\1\0\0\0\0\0\0\0\0\0\0\0"..., 832) = 832
1681347 newfstatat(5, "", {st_mode=S_IFREG|0644, st_size=14328, ...}, AT_EMPTY_PATH) = 0
1681347 mmap(NULL, 16400, PROT_READ, MAP_PRIVATE|MAP_DENYWRITE, 5, 0) = 0x7fafb4693000
1681347 mmap(0x7fafb4694000, 4096, PROT_READ|PROT_EXEC, MAP_PRIVATE|MAP_FIXED|MAP_DENYWRITE, 5, 0x1000) = 0x7fafb4694000
1681347 mmap(0x7fafb4695000, 4096, PROT_READ, MAP_PRIVATE|MAP_FIXED|MAP_DENYWRITE, 5, 0x2000) = 0x7fafb4695000
1681347 mmap(0x7fafb4696000, 8192, PROT_READ|PROT_WRITE, MAP_PRIVATE|MAP_FIXED|MAP_DENYWRITE, 5, 0x2000) = 0x7fafb4696000
1681347 close(5)                        = 0
1681347 openat(AT_FDCWD, "/etc/ld.so.cache", O_RDONLY|O_CLOEXEC) = 5
1681347 newfstatat(5, "", {st_mode=S_IFREG|0644, st_size=114716, ...}, AT_EMPTY_PATH) = 0
1681347 mmap(NULL, 114716, PROT_READ, MAP_PRIVATE, 5, 0) = 0x7fafb4491000
1681347 close(5)                        = 0
1681347 openat(AT_FDCWD, "/lib/x86_64-linux-gnu/libcap.so.2", O_RDONLY|O_CLOEXEC) = 5
1681347 read(5, "\177ELF\2\1\1\0\0\0\0\0\0\0\0\0\3\0>\0\1\0\0\0\0\0\0\0\0\0\0\0"..., 832) = 832
1681347 newfstatat(5, "", {st_mode=S_IFREG|0644, st_size=39024, ...}, AT_EMPTY_PATH) = 0
1681347 mmap(NULL, 41016, PROT_READ, MAP_PRIVATE|MAP_DENYWRITE, 5, 0) = 0x7fafb4688000
1681347 mmap(0x7fafb468b000, 16384, PROT_READ|PROT_EXEC, MAP_PRIVATE|MAP_FIXED|MAP_DENYWRITE, 5, 0x3000) = 0x7fafb468b000
1681347 mmap(0x7fafb468f000, 8192, PROT_READ, MAP_PRIVATE|MAP_FIXED|MAP_DENYWRITE, 5, 0x7000) = 0x7fafb468f000
1681347 mmap(0x7fafb4691000, 8192, PROT_READ|PROT_WRITE, MAP_PRIVATE|MAP_FIXED|MAP_DENYWRITE, 5, 0x8000) = 0x7fafb4691000
1681347 close(5)                        = 0
1681347 mprotect(0x7fafb4691000, 4096, PROT_READ) = 0
1681347 mprotect(0x7fafb4696000, 4096, PROT_READ) = 0
1681347 prctl(PR_CAPBSET_READ, CAP_MAC_OVERRIDE) = 1
1681347 prctl(PR_CAPBSET_READ, 0x30 /* CAP_??? */) = -1 EINVAL (Invalid argument)
1681347 prctl(PR_CAPBSET_READ, CAP_CHECKPOINT_RESTORE) = 1
1681347 prctl(PR_CAPBSET_READ, 0x2c /* CAP_??? */) = -1 EINVAL (Invalid argument)
1681347 prctl(PR_CAPBSET_READ, 0x2a /* CAP_??? */) = -1 EINVAL (Invalid argument)
1681347 prctl(PR_CAPBSET_READ, 0x29 /* CAP_??? */) = -1 EINVAL (Invalid argument)
1681347 munmap(0x7fafb4491000, 114716)  = 0
1681347 read(4, "", 4096)               = 0
1681347 close(4)                        = 0
1681347 newfstatat(AT_FDCWD, "/etc/pam.d", {st_mode=S_IFDIR|0755, st_size=4096, ...}, 0) = 0
1681347 openat(AT_FDCWD, "/etc/pam.d/common-account", O_RDONLY) = 4
1681347 newfstatat(4, "", {st_mode=S_IFREG|0644, st_size=1208, ...}, AT_EMPTY_PATH) = 0
1681347 read(4, "#\n# /etc/pam.d/common-account - "..., 4096) = 1208
1681347 read(4, "", 4096)               = 0
1681347 close(4)                        = 0
1681347 newfstatat(AT_FDCWD, "/etc/pam.d", {st_mode=S_IFDIR|0755, st_size=4096, ...}, 0) = 0
1681347 openat(AT_FDCWD, "/etc/pam.d/common-session", O_RDONLY) = 4
1681347 newfstatat(4, "", {st_mode=S_IFREG|0644, st_size=1467, ...}, AT_EMPTY_PATH) = 0
1681347 read(4, "#\n# /etc/pam.d/common-session - "..., 4096) = 1467
1681347 openat(AT_FDCWD, "/lib/x86_64-linux-gnu/security/pam_umask.so", O_RDONLY|O_CLOEXEC) = 5
1681347 read(5, "\177ELF\2\1\1\0\0\0\0\0\0\0\0\0\3\0>\0\1\0\0\0\0\0\0\0\0\0\0\0"..., 832) = 832
1681347 newfstatat(5, "", {st_mode=S_IFREG|0644, st_size=14328, ...}, AT_EMPTY_PATH) = 0
1681347 mmap(NULL, 16400, PROT_READ, MAP_PRIVATE|MAP_DENYWRITE, 5, 0) = 0x7fafb4683000
1681347 mmap(0x7fafb4684000, 4096, PROT_READ|PROT_EXEC, MAP_PRIVATE|MAP_FIXED|MAP_DENYWRITE, 5, 0x1000) = 0x7fafb4684000
1681347 mmap(0x7fafb4685000, 4096, PROT_READ, MAP_PRIVATE|MAP_FIXED|MAP_DENYWRITE, 5, 0x2000) = 0x7fafb4685000
1681347 mmap(0x7fafb4686000, 8192, PROT_READ|PROT_WRITE, MAP_PRIVATE|MAP_FIXED|MAP_DENYWRITE, 5, 0x2000) = 0x7fafb4686000
1681347 close(5)                        = 0
1681347 mprotect(0x7fafb4686000, 4096, PROT_READ) = 0
1681347 openat(AT_FDCWD, "/lib/x86_64-linux-gnu/security/pam_systemd.so", O_RDONLY|O_CLOEXEC) = 5
1681347 read(5, "\177ELF\2\1\1\0\0\0\0\0\0\0\0\0\3\0>\0\1\0\0\0\0\0\0\0\0\0\0\0"..., 832) = 832
1681347 newfstatat(5, "", {st_mode=S_IFREG|0644, st_size=472008, ...}, AT_EMPTY_PATH) = 0
1681347 mmap(NULL, 476008, PROT_READ, MAP_PRIVATE|MAP_DENYWRITE, 5, 0) = 0x7fafb4439000
1681347 mprotect(0x7fafb4443000, 409600, PROT_NONE) = 0
1681347 mmap(0x7fafb4443000, 311296, PROT_READ|PROT_EXEC, MAP_PRIVATE|MAP_FIXED|MAP_DENYWRITE, 5, 0xa000) = 0x7fafb4443000
1681347 mmap(0x7fafb448f000, 94208, PROT_READ, MAP_PRIVATE|MAP_FIXED|MAP_DENYWRITE, 5, 0x56000) = 0x7fafb448f000
1681347 mmap(0x7fafb44a7000, 24576, PROT_READ|PROT_WRITE, MAP_PRIVATE|MAP_FIXED|MAP_DENYWRITE, 5, 0x6d000) = 0x7fafb44a7000
1681347 mmap(0x7fafb44ad000, 872, PROT_READ|PROT_WRITE, MAP_PRIVATE|MAP_FIXED|MAP_ANONYMOUS, -1, 0) = 0x7fafb44ad000
1681347 close(5)                        = 0
1681347 mprotect(0x7fafb44a7000, 20480, PROT_READ) = 0
1681347 read(4, "", 4096)               = 0
1681347 close(4)                        = 0
1681347 read(3, "", 4096)               = 0
1681347 close(3)                        = 0
1681347 openat(AT_FDCWD, "/etc/pam.d/other", O_RDONLY) = 3
1681347 newfstatat(3, "", {st_mode=S_IFREG|0644, st_size=520, ...}, AT_EMPTY_PATH) = 0
1681347 read(3, "#\n# /etc/pam.d/other - specify t"..., 4096) = 520
1681347 newfstatat(AT_FDCWD, "/etc/pam.d", {st_mode=S_IFDIR|0755, st_size=4096, ...}, 0) = 0
1681347 openat(AT_FDCWD, "/etc/pam.d/common-auth", O_RDONLY) = 4
1681347 newfstatat(4, "", {st_mode=S_IFREG|0644, st_size=1279, ...}, AT_EMPTY_PATH) = 0
1681347 read(4, "#\n# /etc/pam.d/common-auth - aut"..., 4096) = 1279
1681347 read(4, "", 4096)               = 0
1681347 close(4)                        = 0
1681347 newfstatat(AT_FDCWD, "/etc/pam.d", {st_mode=S_IFDIR|0755, st_size=4096, ...}, 0) = 0
1681347 openat(AT_FDCWD, "/etc/pam.d/common-account", O_RDONLY) = 4
1681347 newfstatat(4, "", {st_mode=S_IFREG|0644, st_size=1208, ...}, AT_EMPTY_PATH) = 0
1681347 read(4, "#\n# /etc/pam.d/common-account - "..., 4096) = 1208
1681347 read(4, "", 4096)               = 0
1681347 close(4)                        = 0
1681347 newfstatat(AT_FDCWD, "/etc/pam.d", {st_mode=S_IFDIR|0755, st_size=4096, ...}, 0) = 0
1681347 openat(AT_FDCWD, "/etc/pam.d/common-password", O_RDONLY) = 4
1681347 newfstatat(4, "", {st_mode=S_IFREG|0644, st_size=1695, ...}, AT_EMPTY_PATH) = 0
1681347 read(4, "#\n# /etc/pam.d/common-password -"..., 4096) = 1695
1681347 openat(AT_FDCWD, "/lib/x86_64-linux-gnu/security/pam_gnome_keyring.so", O_RDONLY|O_CLOEXEC) = 5
1681347 read(5, "\177ELF\2\1\1\0\0\0\0\0\0\0\0\0\3\0>\0\1\0\0\0\0\0\0\0\0\0\0\0"..., 832) = 832
1681347 newfstatat(5, "", {st_mode=S_IFREG|0644, st_size=30712, ...}, AT_EMPTY_PATH) = 0
1681347 mmap(NULL, 32784, PROT_READ, MAP_PRIVATE|MAP_DENYWRITE, 5, 0) = 0x7fafb4430000
1681347 mmap(0x7fafb4432000, 12288, PROT_READ|PROT_EXEC, MAP_PRIVATE|MAP_FIXED|MAP_DENYWRITE, 5, 0x2000) = 0x7fafb4432000
1681347 mmap(0x7fafb4435000, 8192, PROT_READ, MAP_PRIVATE|MAP_FIXED|MAP_DENYWRITE, 5, 0x5000) = 0x7fafb4435000
1681347 mmap(0x7fafb4437000, 8192, PROT_READ|PROT_WRITE, MAP_PRIVATE|MAP_FIXED|MAP_DENYWRITE, 5, 0x6000) = 0x7fafb4437000
1681347 close(5)                        = 0
1681347 mprotect(0x7fafb4437000, 4096, PROT_READ) = 0
1681347 read(4, "", 4096)               = 0
1681347 close(4)                        = 0
1681347 newfstatat(AT_FDCWD, "/etc/pam.d", {st_mode=S_IFDIR|0755, st_size=4096, ...}, 0) = 0
1681347 openat(AT_FDCWD, "/etc/pam.d/common-session", O_RDONLY) = 4
1681347 newfstatat(4, "", {st_mode=S_IFREG|0644, st_size=1467, ...}, AT_EMPTY_PATH) = 0
1681347 read(4, "#\n# /etc/pam.d/common-session - "..., 4096) = 1467
1681347 read(4, "", 4096)               = 0
1681347 close(4)                        = 0
1681347 read(3, "", 4096)               = 0
1681347 close(3)                        = 0
1681347 getuid()                        = 1000
1681347 getuid()                        = 1000
1681347 openat(AT_FDCWD, "/etc/login.defs", O_RDONLY) = 3
1681347 newfstatat(3, "", {st_mode=S_IFREG|0644, st_size=10734, ...}, AT_EMPTY_PATH) = 0
1681347 read(3, "#\n# /etc/login.defs - Configurat"..., 4096) = 4096
1681347 read(3, " issuing \n# the \"mesg y\" command"..., 4096) = 4096
1681347 read(3, "exercise for the reader...\n#\n# T"..., 4096) = 2542
1681347 close(3)                        = 0
1681347 newfstatat(AT_FDCWD, "/etc/nsswitch.conf", {st_mode=S_IFREG|0644, st_size=553, ...}, 0) = 0
1681347 openat(AT_FDCWD, "/etc/passwd", O_RDONLY|O_CLOEXEC) = 3
1681347 newfstatat(3, "", {st_mode=S_IFREG|0644, st_size=2940, ...}, AT_EMPTY_PATH) = 0
1681347 lseek(3, 0, SEEK_SET)           = 0
1681347 read(3, "root:x:0:0:root:/root:/bin/bash\n"..., 4096) = 2940
1681347 close(3)                        = 0
1681347 newfstatat(AT_FDCWD, "/etc/nsswitch.conf", {st_mode=S_IFREG|0644, st_size=553, ...}, 0) = 0
1681347 openat(AT_FDCWD, "/etc/shadow", O_RDONLY|O_CLOEXEC) = -1 EACCES (Permission denied)
1681347 geteuid()                       = 1000
1681347 pipe2([3, 4], 0)                = 0
1681347 rt_sigaction(SIGCHLD, {sa_handler=SIG_DFL, sa_mask=[], sa_flags=SA_RESTORER, sa_restorer=0x7fafb4fd8520}, {sa_handler=SIG_DFL, sa_mask=[], sa_flags=0}, 8) = 0
1681347 clone(child_stack=NULL, flags=CLONE_CHILD_CLEARTID|CLONE_CHILD_SETTID|SIGCHLD, child_tidptr=0x7fafb4f5f590) = 1681348
1681347 write(4, "\0", 1)               = 1
1681347 close(3 <unfinished ...>
1681348 set_robust_list(0x7fafb4f5f5a0, 24 <unfinished ...>
1681347 <... close resumed>)            = 0
1681347 close(4 <unfinished ...>
1681348 <... set_robust_list resumed>)  = 0
1681347 <... close resumed>)            = 0
1681347 wait4(1681348,  <unfinished ...>
1681348 dup2(3, 0)                      = 0
1681348 pipe2([5, 6], 0)                = 0
1681348 close(6)                        = 0
1681348 dup2(5, 1)                      = 1
1681348 close(5)                        = 0
1681348 dup2(1, 2)                      = 2
1681348 openat(AT_FDCWD, "/proc/self/fd", O_RDONLY|O_NONBLOCK|O_CLOEXEC|O_DIRECTORY) = 5
1681348 newfstatat(5, "", {st_mode=S_IFDIR|0500, st_size=0, ...}, AT_EMPTY_PATH) = 0
1681348 brk(0x55bde39b5000)             = 0x55bde39b5000
1681348 fstatfs(5, {f_type=PROC_SUPER_MAGIC, f_bsize=4096, f_blocks=0, f_bfree=0, f_bavail=0, f_files=0, f_ffree=0, f_fsid={val=[0, 0]}, f_namelen=255, f_frsize=4096, f_flags=ST_VALID|ST_NOSUID|ST_NODEV|ST_NOEXEC|ST_RELATIME}) = 0
1681348 getdents64(5, 0x55bde398cb40 /* 8 entries */, 32768) = 192
1681348 close(3)                        = 0
1681348 close(4)                        = 0
1681348 getdents64(5, 0x55bde398cb40 /* 0 entries */, 32768) = 0
1681348 brk(0x55bde39ad000)             = 0x55bde39ad000
1681348 close(5)                        = 0
1681348 geteuid()                       = 1000
1681348 execve("/sbin/unix_chkpwd", ["/sbin/unix_chkpwd", "flow", "nullok"], 0x7fafb4987040 /* 0 vars */) = 0
1681348 access("/etc/suid-debug", F_OK) = -1 ENOENT (No such file or directory)
1681348 brk(NULL)                       = 0x5626eba7c000
1681348 arch_prctl(0x3001 /* ARCH_??? */, 0x7ffe7c9edb30) = -1 EINVAL (Invalid argument)
1681348 fcntl(0, F_GETFD)               = 0
1681348 fcntl(1, F_GETFD)               = 0
1681348 fcntl(2, F_GETFD)               = 0
1681348 access("/etc/suid-debug", F_OK) = -1 ENOENT (No such file or directory)
1681348 mmap(NULL, 8192, PROT_READ|PROT_WRITE, MAP_PRIVATE|MAP_ANONYMOUS, -1, 0) = 0x7f03d0e45000
1681348 access("/etc/ld.so.preload", R_OK) = -1 ENOENT (No such file or directory)
1681348 openat(AT_FDCWD, "/etc/ld.so.cache", O_RDONLY|O_CLOEXEC) = 3
1681348 newfstatat(3, "", {st_mode=S_IFREG|0644, st_size=114716, ...}, AT_EMPTY_PATH) = 0
1681348 mmap(NULL, 114716, PROT_READ, MAP_PRIVATE, 3, 0) = 0x7f03d0e28000
1681348 close(3)                        = 0
1681348 openat(AT_FDCWD, "/lib/x86_64-linux-gnu/libcrypt.so.1", O_RDONLY|O_CLOEXEC) = 3
1681348 read(3, "\177ELF\2\1\1\0\0\0\0\0\0\0\0\0\3\0>\0\1\0\0\0@ \0\0\0\0\0\0"..., 832) = 832
1681348 newfstatat(3, "", {st_mode=S_IFREG|0644, st_size=198664, ...}, AT_EMPTY_PATH) = 0
1681348 mmap(NULL, 233888, PROT_READ, MAP_PRIVATE|MAP_DENYWRITE, 3, 0) = 0x7f03d0dee000
1681348 mprotect(0x7f03d0df0000, 188416, PROT_NONE) = 0
1681348 mmap(0x7f03d0df0000, 81920, PROT_READ|PROT_EXEC, MAP_PRIVATE|MAP_FIXED|MAP_DENYWRITE, 3, 0x2000) = 0x7f03d0df0000
1681348 mmap(0x7f03d0e04000, 102400, PROT_READ, MAP_PRIVATE|MAP_FIXED|MAP_DENYWRITE, 3, 0x16000) = 0x7f03d0e04000
1681348 mmap(0x7f03d0e1e000, 8192, PROT_READ|PROT_WRITE, MAP_PRIVATE|MAP_FIXED|MAP_DENYWRITE, 3, 0x2f000) = 0x7f03d0e1e000
1681348 mmap(0x7f03d0e20000, 29088, PROT_READ|PROT_WRITE, MAP_PRIVATE|MAP_FIXED|MAP_ANONYMOUS, -1, 0) = 0x7f03d0e20000
1681348 close(3)                        = 0
1681348 openat(AT_FDCWD, "/lib/x86_64-linux-gnu/libaudit.so.1", O_RDONLY|O_CLOEXEC) = 3
1681348 read(3, "\177ELF\2\1\1\0\0\0\0\0\0\0\0\0\3\0>\0\1\0\0\0\0\0\0\0\0\0\0\0"..., 832) = 832
1681348 newfstatat(3, "", {st_mode=S_IFREG|0644, st_size=133200, ...}, AT_EMPTY_PATH) = 0
1681348 mmap(NULL, 184496, PROT_READ, MAP_PRIVATE|MAP_DENYWRITE, 3, 0) = 0x7f03d0dc0000
1681348 mmap(0x7f03d0dc3000, 32768, PROT_READ|PROT_EXEC, MAP_PRIVATE|MAP_FIXED|MAP_DENYWRITE, 3, 0x3000) = 0x7f03d0dc3000
1681348 mmap(0x7f03d0dcb000, 86016, PROT_READ, MAP_PRIVATE|MAP_FIXED|MAP_DENYWRITE, 3, 0xb000) = 0x7f03d0dcb000
1681348 mmap(0x7f03d0de0000, 8192, PROT_READ|PROT_WRITE, MAP_PRIVATE|MAP_FIXED|MAP_DENYWRITE, 3, 0x1f000) = 0x7f03d0de0000
1681348 mmap(0x7f03d0de2000, 45232, PROT_READ|PROT_WRITE, MAP_PRIVATE|MAP_FIXED|MAP_ANONYMOUS, -1, 0) = 0x7f03d0de2000
1681348 close(3)                        = 0
1681348 openat(AT_FDCWD, "/lib/x86_64-linux-gnu/libc.so.6", O_RDONLY|O_CLOEXEC) = 3
1681348 read(3, "\177ELF\2\1\1\3\0\0\0\0\0\0\0\0\3\0>\0\1\0\0\0P\237\2\0\0\0\0\0"..., 832) = 832
1681348 pread64(3, "\6\0\0\0\4\0\0\0@\0\0\0\0\0\0\0@\0\0\0\0\0\0\0@\0\0\0\0\0\0\0"..., 784, 64) = 784
1681348 pread64(3, "\4\0\0\0 \0\0\0\5\0\0\0GNU\0\2\0\0\300\4\0\0\0\3\0\0\0\0\0\0\0"..., 48, 848) = 48
1681348 pread64(3, "\4\0\0\0\24\0\0\0\3\0\0\0GNU\0\325\31p\226\367\t\200\30)\261\30\257\33|\366c"..., 68, 896) = 68
1681348 newfstatat(3, "", {st_mode=S_IFREG|0755, st_size=2220400, ...}, AT_EMPTY_PATH) = 0
1681348 pread64(3, "\6\0\0\0\4\0\0\0@\0\0\0\0\0\0\0@\0\0\0\0\0\0\0@\0\0\0\0\0\0\0"..., 784, 64) = 784
1681348 mmap(NULL, 2264656, PROT_READ, MAP_PRIVATE|MAP_DENYWRITE, 3, 0) = 0x7f03d0b97000
1681348 mprotect(0x7f03d0bbf000, 2023424, PROT_NONE) = 0
1681348 mmap(0x7f03d0bbf000, 1658880, PROT_READ|PROT_EXEC, MAP_PRIVATE|MAP_FIXED|MAP_DENYWRITE, 3, 0x28000) = 0x7f03d0bbf000
1681348 mmap(0x7f03d0d54000, 360448, PROT_READ, MAP_PRIVATE|MAP_FIXED|MAP_DENYWRITE, 3, 0x1bd000) = 0x7f03d0d54000
1681348 mmap(0x7f03d0dad000, 24576, PROT_READ|PROT_WRITE, MAP_PRIVATE|MAP_FIXED|MAP_DENYWRITE, 3, 0x215000) = 0x7f03d0dad000
1681348 mmap(0x7f03d0db3000, 52816, PROT_READ|PROT_WRITE, MAP_PRIVATE|MAP_FIXED|MAP_ANONYMOUS, -1, 0) = 0x7f03d0db3000
1681348 close(3)                        = 0
1681348 openat(AT_FDCWD, "/lib/x86_64-linux-gnu/libcap-ng.so.0", O_RDONLY|O_CLOEXEC) = 3
1681348 read(3, "\177ELF\2\1\1\0\0\0\0\0\0\0\0\0\3\0>\0\1\0\0\0\0\0\0\0\0\0\0\0"..., 832) = 832
1681348 newfstatat(3, "", {st_mode=S_IFREG|0644, st_size=27072, ...}, AT_EMPTY_PATH) = 0
1681348 mmap(NULL, 28992, PROT_READ, MAP_PRIVATE|MAP_DENYWRITE, 3, 0) = 0x7f03d0b8f000
1681348 mmap(0x7f03d0b91000, 12288, PROT_READ|PROT_EXEC, MAP_PRIVATE|MAP_FIXED|MAP_DENYWRITE, 3, 0x2000) = 0x7f03d0b91000
1681348 mmap(0x7f03d0b94000, 4096, PROT_READ, MAP_PRIVATE|MAP_FIXED|MAP_DENYWRITE, 3, 0x5000) = 0x7f03d0b94000
1681348 mmap(0x7f03d0b95000, 8192, PROT_READ|PROT_WRITE, MAP_PRIVATE|MAP_FIXED|MAP_DENYWRITE, 3, 0x5000) = 0x7f03d0b95000
1681348 close(3)                        = 0
1681348 mmap(NULL, 8192, PROT_READ|PROT_WRITE, MAP_PRIVATE|MAP_ANONYMOUS, -1, 0) = 0x7f03d0b8d000
1681348 arch_prctl(ARCH_SET_FS, 0x7f03d0b8db80) = 0
1681348 set_tid_address(0x7f03d0b8de50) = 1681348
1681348 set_robust_list(0x7f03d0b8de60, 24) = 0
1681348 rseq(0x7f03d0b8e520, 0x20, 0, 0x53053053) = 0
1681348 mprotect(0x7f03d0dad000, 16384, PROT_READ) = 0
1681348 mprotect(0x7f03d0b95000, 4096, PROT_READ) = 0
1681348 mprotect(0x7f03d0de0000, 4096, PROT_READ) = 0
1681348 mprotect(0x7f03d0e1e000, 4096, PROT_READ) = 0
1681348 mprotect(0x5626dec5f000, 4096, PROT_READ) = 0
1681348 mprotect(0x7f03d0e7f000, 8192, PROT_READ) = 0
1681348 prlimit64(0, RLIMIT_STACK, NULL, {rlim_cur=8192*1024, rlim_max=RLIM64_INFINITY}) = 0
1681348 munmap(0x7f03d0e28000, 114716)  = 0
1681348 rt_sigaction(SIGILL, {sa_handler=0x5626dec5d950, sa_mask=[], sa_flags=SA_RESTORER|SA_RESETHAND|0xffffffff00000000, sa_restorer=0x7f03d0bd9520}, NULL, 8) = 0
1681348 rt_sigaction(SIGTRAP, {sa_handler=0x5626dec5d950, sa_mask=[], sa_flags=SA_RESTORER|SA_RESETHAND|0xffffffff00000000, sa_restorer=0x7f03d0bd9520}, NULL, 8) = 0
1681348 rt_sigaction(SIGBUS, {sa_handler=0x5626dec5d950, sa_mask=[], sa_flags=SA_RESTORER|SA_RESETHAND|0xffffffff00000000, sa_restorer=0x7f03d0bd9520}, NULL, 8) = 0
1681348 rt_sigaction(SIGSEGV, {sa_handler=0x5626dec5d950, sa_mask=[], sa_flags=SA_RESTORER|SA_RESETHAND|0xffffffff00000000, sa_restorer=0x7f03d0bd9520}, NULL, 8) = 0
1681348 rt_sigaction(SIGTERM, {sa_handler=SIG_IGN, sa_mask=[], sa_flags=SA_RESTORER, sa_restorer=0x7f03d0bd9520}, NULL, 8) = 0
1681348 rt_sigaction(SIGHUP, {sa_handler=SIG_IGN, sa_mask=[], sa_flags=SA_RESTORER, sa_restorer=0x7f03d0bd9520}, NULL, 8) = 0
1681348 rt_sigaction(SIGINT, {sa_handler=SIG_IGN, sa_mask=[], sa_flags=SA_RESTORER, sa_restorer=0x7f03d0bd9520}, NULL, 8) = 0
1681348 rt_sigaction(SIGQUIT, {sa_handler=SIG_IGN, sa_mask=[], sa_flags=SA_RESTORER, sa_restorer=0x7f03d0bd9520}, NULL, 8) = 0
1681348 ioctl(0, TCGETS, 0x7ffe7c9ed780) = -1 ENOTTY (Inappropriate ioctl for device)
1681348 getuid()                        = 1000
1681348 getuid()                        = 1000
1681348 getrandom("\xa3\xdd\xdc\xdb\x90\x51\x11\x44", 8, GRND_NONBLOCK) = 8
1681348 brk(NULL)                       = 0x5626eba7c000
1681348 brk(0x5626eba9d000)             = 0x5626eba9d000
1681348 socket(AF_UNIX, SOCK_STREAM|SOCK_CLOEXEC|SOCK_NONBLOCK, 0) = 3
1681348 connect(3, {sa_family=AF_UNIX, sun_path="/var/run/nscd/socket"}, 110) = -1 ENOENT (No such file or directory)
1681348 close(3)                        = 0
1681348 socket(AF_UNIX, SOCK_STREAM|SOCK_CLOEXEC|SOCK_NONBLOCK, 0) = 3
1681348 connect(3, {sa_family=AF_UNIX, sun_path="/var/run/nscd/socket"}, 110) = -1 ENOENT (No such file or directory)
1681348 close(3)                        = 0
1681348 newfstatat(AT_FDCWD, "/etc/nsswitch.conf", {st_mode=S_IFREG|0644, st_size=553, ...}, 0) = 0
1681348 newfstatat(AT_FDCWD, "/", {st_mode=S_IFDIR|0755, st_size=4096, ...}, 0) = 0
1681348 openat(AT_FDCWD, "/etc/nsswitch.conf", O_RDONLY|O_CLOEXEC) = 3
1681348 newfstatat(3, "", {st_mode=S_IFREG|0644, st_size=553, ...}, AT_EMPTY_PATH) = 0
1681348 read(3, "# /etc/nsswitch.conf\n#\n# Example"..., 4096) = 553
1681348 read(3, "", 4096)               = 0
1681348 newfstatat(3, "", {st_mode=S_IFREG|0644, st_size=553, ...}, AT_EMPTY_PATH) = 0
1681348 close(3)                        = 0
1681348 openat(AT_FDCWD, "/etc/passwd", O_RDONLY|O_CLOEXEC) = 3
1681348 newfstatat(3, "", {st_mode=S_IFREG|0644, st_size=2940, ...}, AT_EMPTY_PATH) = 0
1681348 lseek(3, 0, SEEK_SET)           = 0
1681348 read(3, "root:x:0:0:root:/root:/bin/bash\n"..., 4096) = 2940
1681348 close(3)                        = 0
1681348 read(0, "\0", 513)              = 1
1681348 newfstatat(AT_FDCWD, "/etc/nsswitch.conf", {st_mode=S_IFREG|0644, st_size=553, ...}, 0) = 0
1681348 openat(AT_FDCWD, "/etc/passwd", O_RDONLY|O_CLOEXEC) = 3
1681348 newfstatat(3, "", {st_mode=S_IFREG|0644, st_size=2940, ...}, AT_EMPTY_PATH) = 0
1681348 lseek(3, 0, SEEK_SET)           = 0
1681348 read(3, "root:x:0:0:root:/root:/bin/bash\n"..., 4096) = 2940
1681348 close(3)                        = 0
1681348 newfstatat(AT_FDCWD, "/etc/nsswitch.conf", {st_mode=S_IFREG|0644, st_size=553, ...}, 0) = 0
1681348 openat(AT_FDCWD, "/etc/shadow", O_RDONLY|O_CLOEXEC) = -1 EACCES (Permission denied)
1681348 openat(AT_FDCWD, "/etc/localtime", O_RDONLY|O_CLOEXEC) = 3
1681348 newfstatat(3, "", {st_mode=S_IFREG|0644, st_size=2298, ...}, AT_EMPTY_PATH) = 0
1681348 newfstatat(3, "", {st_mode=S_IFREG|0644, st_size=2298, ...}, AT_EMPTY_PATH) = 0
1681348 read(3, "TZif2\0\0\0\0\0\0\0\0\0\0\0\0\0\0\0\0\0\0\t\0\0\0\t\0\0\0\0"..., 4096) = 2298
1681348 lseek(3, -1449, SEEK_CUR)       = 849
1681348 read(3, "TZif2\0\0\0\0\0\0\0\0\0\0\0\0\0\0\0\0\0\0\t\0\0\0\t\0\0\0\0"..., 4096) = 1449
1681348 close(3)                        = 0
1681348 getpid()                        = 1681348
1681348 socket(AF_UNIX, SOCK_DGRAM|SOCK_CLOEXEC, 0) = 3
1681348 connect(3, {sa_family=AF_UNIX, sun_path="/dev/log"}, 110) = 0
1681348 sendto(3, "<85>Jul 17 20:31:26 unix_chkpwd["..., 66, MSG_NOSIGNAL, NULL, 0) = 66
1681348 close(3)                        = 0
1681348 exit_group(9)                   = ?
1681348 +++ exited with 9 +++
1681347 <... wait4 resumed>[{WIFEXITED(s) && WEXITSTATUS(s) == 9}], 0, NULL) = 1681348
1681347 --- SIGCHLD {si_signo=SIGCHLD, si_code=CLD_EXITED, si_pid=1681348, si_uid=1000, si_status=9, si_utime=0, si_stime=0} ---
1681347 rt_sigaction(SIGCHLD, {sa_handler=SIG_DFL, sa_mask=[], sa_flags=SA_RESTORER, sa_restorer=0x7fafb4fd8520}, NULL, 8) = 0
1681347 openat(AT_FDCWD, "/usr/share/locale/locale.alias", O_RDONLY|O_CLOEXEC) = 3
1681347 newfstatat(3, "", {st_mode=S_IFREG|0644, st_size=2996, ...}, AT_EMPTY_PATH) = 0
1681347 read(3, "# Locale name alias data base.\n#"..., 4096) = 2996
1681347 read(3, "", 4096)               = 0
1681347 close(3)                        = 0
1681347 openat(AT_FDCWD, "/usr/share/locale/en_US/LC_MESSAGES/Linux-PAM.mo", O_RDONLY) = -1 ENOENT (No such file or directory)
1681347 openat(AT_FDCWD, "/usr/share/locale/en/LC_MESSAGES/Linux-PAM.mo", O_RDONLY) = -1 ENOENT (No such file or directory)
1681347 openat(AT_FDCWD, "/usr/share/locale-langpack/en_US/LC_MESSAGES/Linux-PAM.mo", O_RDONLY) = -1 ENOENT (No such file or directory)
1681347 openat(AT_FDCWD, "/usr/share/locale-langpack/en/LC_MESSAGES/Linux-PAM.mo", O_RDONLY) = -1 ENOENT (No such file or directory)
1681347 ioctl(0, TCGETS, {B38400 opost isig icanon echo ...}) = 0
1681347 ioctl(0, TCGETS, {B38400 opost isig icanon echo ...}) = 0
1681347 rt_sigprocmask(SIG_BLOCK, [TSTP], [], 8) = 0
1681347 ioctl(0, TCGETS, {B38400 opost isig icanon echo ...}) = 0
1681347 ioctl(0, SNDCTL_TMR_CONTINUE or TCSETSF, {B38400 opost isig icanon -echo ...}) = 0
1681347 ioctl(0, TCGETS, {B38400 opost isig icanon -echo ...}) = 0
1681347 write(2, "Password: ", 10)      = 10
1681347 read(0, "flow\n", 511)          = 5
1681347 ioctl(0, TCGETS, {B38400 opost isig icanon -echo ...}) = 0
1681347 ioctl(0, SNDCTL_TMR_STOP or TCSETSW, {B38400 opost isig icanon echo ...}) = 0
1681347 ioctl(0, TCGETS, {B38400 opost isig icanon echo ...}) = 0
1681347 write(2, "\n", 1)               = 1
1681347 rt_sigprocmask(SIG_SETMASK, [], NULL, 8) = 0
1681347 ioctl(0, TCGETS, {B38400 opost isig icanon echo ...}) = 0
1681347 ioctl(0, SNDCTL_TMR_STOP or TCSETSW, {B38400 opost isig icanon echo ...}) = 0
1681347 ioctl(0, TCGETS, {B38400 opost isig icanon echo ...}) = 0
1681347 newfstatat(AT_FDCWD, "/etc/nsswitch.conf", {st_mode=S_IFREG|0644, st_size=553, ...}, 0) = 0
1681347 openat(AT_FDCWD, "/etc/passwd", O_RDONLY|O_CLOEXEC) = 3
1681347 newfstatat(3, "", {st_mode=S_IFREG|0644, st_size=2940, ...}, AT_EMPTY_PATH) = 0
1681347 brk(0x55bde39b0000)             = 0x55bde39b0000
1681347 lseek(3, 0, SEEK_SET)           = 0
1681347 read(3, "root:x:0:0:root:/root:/bin/bash\n"..., 4096) = 2940
1681347 close(3)                        = 0
1681347 brk(0x55bde39af000)             = 0x55bde39af000
1681347 newfstatat(AT_FDCWD, "/etc/nsswitch.conf", {st_mode=S_IFREG|0644, st_size=553, ...}, 0) = 0
1681347 openat(AT_FDCWD, "/etc/shadow", O_RDONLY|O_CLOEXEC) = -1 EACCES (Permission denied)
1681347 geteuid()                       = 1000
1681347 pipe2([3, 4], 0)                = 0
1681347 rt_sigaction(SIGCHLD, {sa_handler=SIG_DFL, sa_mask=[], sa_flags=SA_RESTORER, sa_restorer=0x7fafb4fd8520}, {sa_handler=SIG_DFL, sa_mask=[], sa_flags=SA_RESTORER, sa_restorer=0x7fafb4fd8520}, 8) = 0
1681347 clone(child_stack=NULL, flags=CLONE_CHILD_CLEARTID|CLONE_CHILD_SETTID|SIGCHLD, child_tidptr=0x7fafb4f5f590) = 1681374
1681347 write(4, "flow", 4 <unfinished ...>
1681374 set_robust_list(0x7fafb4f5f5a0, 24 <unfinished ...>
1681347 <... write resumed>)            = 4
1681374 <... set_robust_list resumed>)  = 0
1681347 write(4, "\0", 1)               = 1
1681347 close(3)                        = 0
1681347 close(4 <unfinished ...>
1681374 dup2(3, 0 <unfinished ...>
1681347 <... close resumed>)            = 0
1681374 <... dup2 resumed>)             = 0
1681347 wait4(1681374,  <unfinished ...>
1681374 pipe2([5, 6], 0)                = 0
1681374 close(6)                        = 0
1681374 dup2(5, 1)                      = 1
1681374 close(5)                        = 0
1681374 dup2(1, 2)                      = 2
1681374 openat(AT_FDCWD, "/proc/self/fd", O_RDONLY|O_NONBLOCK|O_CLOEXEC|O_DIRECTORY) = 5
1681374 newfstatat(5, "", {st_mode=S_IFDIR|0500, st_size=0, ...}, AT_EMPTY_PATH) = 0
1681374 fstatfs(5, {f_type=PROC_SUPER_MAGIC, f_bsize=4096, f_blocks=0, f_bfree=0, f_bavail=0, f_files=0, f_ffree=0, f_fsid={val=[0, 0]}, f_namelen=255, f_frsize=4096, f_flags=ST_VALID|ST_NOSUID|ST_NODEV|ST_NOEXEC|ST_RELATIME}) = 0
1681374 getdents64(5, 0x55bde398e360 /* 8 entries */, 32768) = 192
1681374 close(3)                        = 0
1681374 close(4)                        = 0
1681374 getdents64(5, 0x55bde398e360 /* 0 entries */, 32768) = 0
1681374 close(5)                        = 0
1681374 geteuid()                       = 1000
1681374 execve("/sbin/unix_chkpwd", ["/sbin/unix_chkpwd", "flow", "nullok"], 0x7fafb4987040 /* 0 vars */) = 0
1681374 access("/etc/suid-debug", F_OK) = -1 ENOENT (No such file or directory)
1681374 brk(NULL)                       = 0x55e2bdc2a000
1681374 arch_prctl(0x3001 /* ARCH_??? */, 0x7ffde9d459a0) = -1 EINVAL (Invalid argument)
1681374 fcntl(0, F_GETFD)               = 0
1681374 fcntl(1, F_GETFD)               = 0
1681374 fcntl(2, F_GETFD)               = 0
1681374 access("/etc/suid-debug", F_OK) = -1 ENOENT (No such file or directory)
1681374 mmap(NULL, 8192, PROT_READ|PROT_WRITE, MAP_PRIVATE|MAP_ANONYMOUS, -1, 0) = 0x7f1c86122000
1681374 access("/etc/ld.so.preload", R_OK) = -1 ENOENT (No such file or directory)
1681374 openat(AT_FDCWD, "/etc/ld.so.cache", O_RDONLY|O_CLOEXEC) = 3
1681374 newfstatat(3, "", {st_mode=S_IFREG|0644, st_size=114716, ...}, AT_EMPTY_PATH) = 0
1681374 mmap(NULL, 114716, PROT_READ, MAP_PRIVATE, 3, 0) = 0x7f1c86105000
1681374 close(3)                        = 0
1681374 openat(AT_FDCWD, "/lib/x86_64-linux-gnu/libcrypt.so.1", O_RDONLY|O_CLOEXEC) = 3
1681374 read(3, "\177ELF\2\1\1\0\0\0\0\0\0\0\0\0\3\0>\0\1\0\0\0@ \0\0\0\0\0\0"..., 832) = 832
1681374 newfstatat(3, "", {st_mode=S_IFREG|0644, st_size=198664, ...}, AT_EMPTY_PATH) = 0
1681374 mmap(NULL, 233888, PROT_READ, MAP_PRIVATE|MAP_DENYWRITE, 3, 0) = 0x7f1c860cb000
1681374 mprotect(0x7f1c860cd000, 188416, PROT_NONE) = 0
1681374 mmap(0x7f1c860cd000, 81920, PROT_READ|PROT_EXEC, MAP_PRIVATE|MAP_FIXED|MAP_DENYWRITE, 3, 0x2000) = 0x7f1c860cd000
1681374 mmap(0x7f1c860e1000, 102400, PROT_READ, MAP_PRIVATE|MAP_FIXED|MAP_DENYWRITE, 3, 0x16000) = 0x7f1c860e1000
1681374 mmap(0x7f1c860fb000, 8192, PROT_READ|PROT_WRITE, MAP_PRIVATE|MAP_FIXED|MAP_DENYWRITE, 3, 0x2f000) = 0x7f1c860fb000
1681374 mmap(0x7f1c860fd000, 29088, PROT_READ|PROT_WRITE, MAP_PRIVATE|MAP_FIXED|MAP_ANONYMOUS, -1, 0) = 0x7f1c860fd000
1681374 close(3)                        = 0
1681374 openat(AT_FDCWD, "/lib/x86_64-linux-gnu/libaudit.so.1", O_RDONLY|O_CLOEXEC) = 3
1681374 read(3, "\177ELF\2\1\1\0\0\0\0\0\0\0\0\0\3\0>\0\1\0\0\0\0\0\0\0\0\0\0\0"..., 832) = 832
1681374 newfstatat(3, "", {st_mode=S_IFREG|0644, st_size=133200, ...}, AT_EMPTY_PATH) = 0
1681374 mmap(NULL, 184496, PROT_READ, MAP_PRIVATE|MAP_DENYWRITE, 3, 0) = 0x7f1c8609d000
1681374 mmap(0x7f1c860a0000, 32768, PROT_READ|PROT_EXEC, MAP_PRIVATE|MAP_FIXED|MAP_DENYWRITE, 3, 0x3000) = 0x7f1c860a0000
1681374 mmap(0x7f1c860a8000, 86016, PROT_READ, MAP_PRIVATE|MAP_FIXED|MAP_DENYWRITE, 3, 0xb000) = 0x7f1c860a8000
1681374 mmap(0x7f1c860bd000, 8192, PROT_READ|PROT_WRITE, MAP_PRIVATE|MAP_FIXED|MAP_DENYWRITE, 3, 0x1f000) = 0x7f1c860bd000
1681374 mmap(0x7f1c860bf000, 45232, PROT_READ|PROT_WRITE, MAP_PRIVATE|MAP_FIXED|MAP_ANONYMOUS, -1, 0) = 0x7f1c860bf000
1681374 close(3)                        = 0
1681374 openat(AT_FDCWD, "/lib/x86_64-linux-gnu/libc.so.6", O_RDONLY|O_CLOEXEC) = 3
1681374 read(3, "\177ELF\2\1\1\3\0\0\0\0\0\0\0\0\3\0>\0\1\0\0\0P\237\2\0\0\0\0\0"..., 832) = 832
1681374 pread64(3, "\6\0\0\0\4\0\0\0@\0\0\0\0\0\0\0@\0\0\0\0\0\0\0@\0\0\0\0\0\0\0"..., 784, 64) = 784
1681374 pread64(3, "\4\0\0\0 \0\0\0\5\0\0\0GNU\0\2\0\0\300\4\0\0\0\3\0\0\0\0\0\0\0"..., 48, 848) = 48
1681374 pread64(3, "\4\0\0\0\24\0\0\0\3\0\0\0GNU\0\325\31p\226\367\t\200\30)\261\30\257\33|\366c"..., 68, 896) = 68
1681374 newfstatat(3, "", {st_mode=S_IFREG|0755, st_size=2220400, ...}, AT_EMPTY_PATH) = 0
1681374 pread64(3, "\6\0\0\0\4\0\0\0@\0\0\0\0\0\0\0@\0\0\0\0\0\0\0@\0\0\0\0\0\0\0"..., 784, 64) = 784
1681374 mmap(NULL, 2264656, PROT_READ, MAP_PRIVATE|MAP_DENYWRITE, 3, 0) = 0x7f1c85e74000
1681374 mprotect(0x7f1c85e9c000, 2023424, PROT_NONE) = 0
1681374 mmap(0x7f1c85e9c000, 1658880, PROT_READ|PROT_EXEC, MAP_PRIVATE|MAP_FIXED|MAP_DENYWRITE, 3, 0x28000) = 0x7f1c85e9c000
1681374 mmap(0x7f1c86031000, 360448, PROT_READ, MAP_PRIVATE|MAP_FIXED|MAP_DENYWRITE, 3, 0x1bd000) = 0x7f1c86031000
1681374 mmap(0x7f1c8608a000, 24576, PROT_READ|PROT_WRITE, MAP_PRIVATE|MAP_FIXED|MAP_DENYWRITE, 3, 0x215000) = 0x7f1c8608a000
1681374 mmap(0x7f1c86090000, 52816, PROT_READ|PROT_WRITE, MAP_PRIVATE|MAP_FIXED|MAP_ANONYMOUS, -1, 0) = 0x7f1c86090000
1681374 close(3)                        = 0
1681374 openat(AT_FDCWD, "/lib/x86_64-linux-gnu/libcap-ng.so.0", O_RDONLY|O_CLOEXEC) = 3
1681374 read(3, "\177ELF\2\1\1\0\0\0\0\0\0\0\0\0\3\0>\0\1\0\0\0\0\0\0\0\0\0\0\0"..., 832) = 832
1681374 newfstatat(3, "", {st_mode=S_IFREG|0644, st_size=27072, ...}, AT_EMPTY_PATH) = 0
1681374 mmap(NULL, 28992, PROT_READ, MAP_PRIVATE|MAP_DENYWRITE, 3, 0) = 0x7f1c85e6c000
1681374 mmap(0x7f1c85e6e000, 12288, PROT_READ|PROT_EXEC, MAP_PRIVATE|MAP_FIXED|MAP_DENYWRITE, 3, 0x2000) = 0x7f1c85e6e000
1681374 mmap(0x7f1c85e71000, 4096, PROT_READ, MAP_PRIVATE|MAP_FIXED|MAP_DENYWRITE, 3, 0x5000) = 0x7f1c85e71000
1681374 mmap(0x7f1c85e72000, 8192, PROT_READ|PROT_WRITE, MAP_PRIVATE|MAP_FIXED|MAP_DENYWRITE, 3, 0x5000) = 0x7f1c85e72000
1681374 close(3)                        = 0
1681374 mmap(NULL, 8192, PROT_READ|PROT_WRITE, MAP_PRIVATE|MAP_ANONYMOUS, -1, 0) = 0x7f1c85e6a000
1681374 arch_prctl(ARCH_SET_FS, 0x7f1c85e6ab80) = 0
1681374 set_tid_address(0x7f1c85e6ae50) = 1681374
1681374 set_robust_list(0x7f1c85e6ae60, 24) = 0
1681374 rseq(0x7f1c85e6b520, 0x20, 0, 0x53053053) = 0
1681374 mprotect(0x7f1c8608a000, 16384, PROT_READ) = 0
1681374 mprotect(0x7f1c85e72000, 4096, PROT_READ) = 0
1681374 mprotect(0x7f1c860bd000, 4096, PROT_READ) = 0
1681374 mprotect(0x7f1c860fb000, 4096, PROT_READ) = 0
1681374 mprotect(0x55e28b648000, 4096, PROT_READ) = 0
1681374 mprotect(0x7f1c8615c000, 8192, PROT_READ) = 0
1681374 prlimit64(0, RLIMIT_STACK, NULL, {rlim_cur=8192*1024, rlim_max=RLIM64_INFINITY}) = 0
1681374 munmap(0x7f1c86105000, 114716)  = 0
1681374 rt_sigaction(SIGILL, {sa_handler=0x55e28b646950, sa_mask=[], sa_flags=SA_RESTORER|SA_RESETHAND|0xffffffff00000000, sa_restorer=0x7f1c85eb6520}, NULL, 8) = 0
1681374 rt_sigaction(SIGTRAP, {sa_handler=0x55e28b646950, sa_mask=[], sa_flags=SA_RESTORER|SA_RESETHAND|0xffffffff00000000, sa_restorer=0x7f1c85eb6520}, NULL, 8) = 0
1681374 rt_sigaction(SIGBUS, {sa_handler=0x55e28b646950, sa_mask=[], sa_flags=SA_RESTORER|SA_RESETHAND|0xffffffff00000000, sa_restorer=0x7f1c85eb6520}, NULL, 8) = 0
1681374 rt_sigaction(SIGSEGV, {sa_handler=0x55e28b646950, sa_mask=[], sa_flags=SA_RESTORER|SA_RESETHAND|0xffffffff00000000, sa_restorer=0x7f1c85eb6520}, NULL, 8) = 0
1681374 rt_sigaction(SIGTERM, {sa_handler=SIG_IGN, sa_mask=[], sa_flags=SA_RESTORER, sa_restorer=0x7f1c85eb6520}, NULL, 8) = 0
1681374 rt_sigaction(SIGHUP, {sa_handler=SIG_IGN, sa_mask=[], sa_flags=SA_RESTORER, sa_restorer=0x7f1c85eb6520}, NULL, 8) = 0
1681374 rt_sigaction(SIGINT, {sa_handler=SIG_IGN, sa_mask=[], sa_flags=SA_RESTORER, sa_restorer=0x7f1c85eb6520}, NULL, 8) = 0
1681374 rt_sigaction(SIGQUIT, {sa_handler=SIG_IGN, sa_mask=[], sa_flags=SA_RESTORER, sa_restorer=0x7f1c85eb6520}, NULL, 8) = 0
1681374 ioctl(0, TCGETS, 0x7ffde9d455f0) = -1 ENOTTY (Inappropriate ioctl for device)
1681374 getuid()                        = 1000
1681374 getuid()                        = 1000
1681374 getrandom("\xc6\x61\xd0\x95\xe2\x77\xed\xb0", 8, GRND_NONBLOCK) = 8
1681374 brk(NULL)                       = 0x55e2bdc2a000
1681374 brk(0x55e2bdc4b000)             = 0x55e2bdc4b000
1681374 socket(AF_UNIX, SOCK_STREAM|SOCK_CLOEXEC|SOCK_NONBLOCK, 0) = 3
1681374 connect(3, {sa_family=AF_UNIX, sun_path="/var/run/nscd/socket"}, 110) = -1 ENOENT (No such file or directory)
1681374 close(3)                        = 0
1681374 socket(AF_UNIX, SOCK_STREAM|SOCK_CLOEXEC|SOCK_NONBLOCK, 0) = 3
1681374 connect(3, {sa_family=AF_UNIX, sun_path="/var/run/nscd/socket"}, 110) = -1 ENOENT (No such file or directory)
1681374 close(3)                        = 0
1681374 newfstatat(AT_FDCWD, "/etc/nsswitch.conf", {st_mode=S_IFREG|0644, st_size=553, ...}, 0) = 0
1681374 newfstatat(AT_FDCWD, "/", {st_mode=S_IFDIR|0755, st_size=4096, ...}, 0) = 0
1681374 openat(AT_FDCWD, "/etc/nsswitch.conf", O_RDONLY|O_CLOEXEC) = 3
1681374 newfstatat(3, "", {st_mode=S_IFREG|0644, st_size=553, ...}, AT_EMPTY_PATH) = 0
1681374 read(3, "# /etc/nsswitch.conf\n#\n# Example"..., 4096) = 553
1681374 read(3, "", 4096)               = 0
1681374 newfstatat(3, "", {st_mode=S_IFREG|0644, st_size=553, ...}, AT_EMPTY_PATH) = 0
1681374 close(3)                        = 0
1681374 openat(AT_FDCWD, "/etc/passwd", O_RDONLY|O_CLOEXEC) = 3
1681374 newfstatat(3, "", {st_mode=S_IFREG|0644, st_size=2940, ...}, AT_EMPTY_PATH) = 0
1681374 lseek(3, 0, SEEK_SET)           = 0
1681374 read(3, "root:x:0:0:root:/root:/bin/bash\n"..., 4096) = 2940
1681374 close(3)                        = 0
1681374 read(0, "flow\0", 513)          = 5
1681374 newfstatat(AT_FDCWD, "/etc/nsswitch.conf", {st_mode=S_IFREG|0644, st_size=553, ...}, 0) = 0
1681374 openat(AT_FDCWD, "/etc/passwd", O_RDONLY|O_CLOEXEC) = 3
1681374 newfstatat(3, "", {st_mode=S_IFREG|0644, st_size=2940, ...}, AT_EMPTY_PATH) = 0
1681374 lseek(3, 0, SEEK_SET)           = 0
1681374 read(3, "root:x:0:0:root:/root:/bin/bash\n"..., 4096) = 2940
1681374 close(3)                        = 0
1681374 newfstatat(AT_FDCWD, "/etc/nsswitch.conf", {st_mode=S_IFREG|0644, st_size=553, ...}, 0) = 0
1681374 openat(AT_FDCWD, "/etc/shadow", O_RDONLY|O_CLOEXEC) = -1 EACCES (Permission denied)
1681374 openat(AT_FDCWD, "/etc/localtime", O_RDONLY|O_CLOEXEC) = 3
1681374 newfstatat(3, "", {st_mode=S_IFREG|0644, st_size=2298, ...}, AT_EMPTY_PATH) = 0
1681374 newfstatat(3, "", {st_mode=S_IFREG|0644, st_size=2298, ...}, AT_EMPTY_PATH) = 0
1681374 read(3, "TZif2\0\0\0\0\0\0\0\0\0\0\0\0\0\0\0\0\0\0\t\0\0\0\t\0\0\0\0"..., 4096) = 2298
1681374 lseek(3, -1449, SEEK_CUR)       = 849
1681374 read(3, "TZif2\0\0\0\0\0\0\0\0\0\0\0\0\0\0\0\0\0\0\t\0\0\0\t\0\0\0\0"..., 4096) = 1449
1681374 close(3)                        = 0
1681374 getpid()                        = 1681374
1681374 socket(AF_UNIX, SOCK_DGRAM|SOCK_CLOEXEC, 0) = 3
1681374 connect(3, {sa_family=AF_UNIX, sun_path="/dev/log"}, 110) = 0
1681374 sendto(3, "<85>Jul 17 20:31:31 unix_chkpwd["..., 66, MSG_NOSIGNAL, NULL, 0) = 66
1681374 close(3)                        = 0
1681374 getuid()                        = 1000
1681374 socket(AF_NETLINK, SOCK_RAW, NETLINK_AUDIT) = 3
1681374 fcntl(3, F_SETFD, FD_CLOEXEC)   = 0
1681374 readlink("/proc/self/exe", "/usr/sbin/unix_chkpwd", 4096) = 21
1681374 ioctl(0, TCGETS, 0x7ffde9d42f20) = -1 ENOTTY (Inappropriate ioctl for device)
1681374 ioctl(1, TCGETS, 0x7ffde9d42f20) = -1 ENOTTY (Inappropriate ioctl for device)
1681374 ioctl(2, TCGETS, 0x7ffde9d42f20) = -1 ENOTTY (Inappropriate ioctl for device)
1681374 sendto(3, [{nlmsg_len=116, nlmsg_type=0x44c /* NLMSG_??? */, nlmsg_flags=NLM_F_REQUEST|NLM_F_ACK, nlmsg_seq=1, nlmsg_pid=0}, "\x6f\x70\x3d\x50\x41\x4d\x3a\x75\x6e\x69\x78\x5f\x63\x68\x6b\x70\x77\x64\x20\x61\x63\x63\x74\x3d\x22\x66\x6c\x6f\x77\x22\x20\x65"...], 116, 0, {sa_family=AF_NETLINK, nl_pid=0, nl_groups=00000000}, 12) = 116
1681374 poll([{fd=3, events=POLLIN}], 1, 500) = 1 ([{fd=3, revents=POLLIN}])
1681374 recvfrom(3, [{nlmsg_len=136, nlmsg_type=NLMSG_ERROR, nlmsg_flags=0, nlmsg_seq=1, nlmsg_pid=1681374}, {error=-EPERM, msg=[{nlmsg_len=116, nlmsg_type=AUDIT_FIRST_USER_MSG, nlmsg_flags=NLM_F_REQUEST|NLM_F_ACK, nlmsg_seq=1, nlmsg_pid=0}, "\x6f\x70\x3d\x50\x41\x4d\x3a\x75\x6e\x69\x78\x5f\x63\x68\x6b\x70\x77\x64\x20\x61\x63\x63\x74\x3d\x22\x66\x6c\x6f\x77\x22\x20\x65"...]}], 8988, MSG_PEEK|MSG_DONTWAIT, {sa_family=AF_NETLINK, nl_pid=0, nl_groups=00000000}, [12]) = 136
1681374 recvfrom(3, [{nlmsg_len=136, nlmsg_type=NLMSG_ERROR, nlmsg_flags=0, nlmsg_seq=1, nlmsg_pid=1681374}, {error=-EPERM, msg=[{nlmsg_len=116, nlmsg_type=AUDIT_FIRST_USER_MSG, nlmsg_flags=NLM_F_REQUEST|NLM_F_ACK, nlmsg_seq=1, nlmsg_pid=0}, "\x6f\x70\x3d\x50\x41\x4d\x3a\x75\x6e\x69\x78\x5f\x63\x68\x6b\x70\x77\x64\x20\x61\x63\x63\x74\x3d\x22\x66\x6c\x6f\x77\x22\x20\x65"...]}], 8988, MSG_DONTWAIT, {sa_family=AF_NETLINK, nl_pid=0, nl_groups=00000000}, [12]) = 136
1681374 capget({version=0 /* _LINUX_CAPABILITY_VERSION_??? */, pid=0}, NULL) = 0
1681374 gettid()                        = 1681374
1681374 openat(AT_FDCWD, "/proc/sys/kernel/cap_last_cap", O_RDONLY) = 4
1681374 read(4, "40\n", 7)              = 3
1681374 close(4)                        = 0
1681374 capget({version=_LINUX_CAPABILITY_VERSION_3, pid=1681374}, {effective=0, permitted=0, inheritable=0}) = 0
1681374 openat(AT_FDCWD, "/proc/1681374/status", O_RDONLY|O_CLOEXEC) = 4
1681374 newfstatat(4, "", {st_mode=S_IFREG|0444, st_size=0, ...}, AT_EMPTY_PATH) = 0
1681374 read(4, "Name:\tunix_chkpwd\nUmask:\t0002\nSt"..., 1024) = 1024
1681374 close(4)                        = 0
1681374 geteuid()                       = 1000
1681374 close(3)                        = 0
1681374 getpid()                        = 1681374
1681374 socket(AF_UNIX, SOCK_DGRAM|SOCK_CLOEXEC, 0) = 3
1681374 connect(3, {sa_family=AF_UNIX, sun_path="/dev/log"}, 110) = 0
1681374 sendto(3, "<85>Jul 17 20:31:31 unix_chkpwd["..., 79, MSG_NOSIGNAL, NULL, 0) = 79
1681374 close(3)                        = 0
1681374 exit_group(9)                   = ?
1681374 +++ exited with 9 +++
1681347 <... wait4 resumed>[{WIFEXITED(s) && WEXITSTATUS(s) == 9}], 0, NULL) = 1681374
1681347 --- SIGCHLD {si_signo=SIGCHLD, si_code=CLD_EXITED, si_pid=1681374, si_uid=1000, si_status=9, si_utime=0, si_stime=0} ---
1681347 rt_sigaction(SIGCHLD, {sa_handler=SIG_DFL, sa_mask=[], sa_flags=SA_RESTORER, sa_restorer=0x7fafb4fd8520}, NULL, 8) = 0
1681347 access("/var/run/utmpx", F_OK)  = -1 ENOENT (No such file or directory)
1681347 openat(AT_FDCWD, "/var/run/utmp", O_RDONLY|O_CLOEXEC) = 3
1681347 lseek(3, 0, SEEK_SET)           = 0
1681347 alarm(0)                        = 0
1681347 rt_sigaction(SIGALRM, {sa_handler=0x7fafb51083c0, sa_mask=[], sa_flags=SA_RESTORER, sa_restorer=0x7fafb4fd8520}, {sa_handler=SIG_DFL, sa_mask=[], sa_flags=0}, 8) = 0
1681347 alarm(10)                       = 0
1681347 fcntl(3, F_SETLKW, {l_type=F_RDLCK, l_whence=SEEK_SET, l_start=0, l_len=0}) = 0
1681347 alarm(0)                        = 10
1681347 rt_sigaction(SIGALRM, {sa_handler=SIG_DFL, sa_mask=[], sa_flags=SA_RESTORER, sa_restorer=0x7fafb4fd8520}, NULL, 8) = 0
1681347 pread64(3, "\2\0\0\0\0\0\0\0~\0\0\0\0\0\0\0\0\0\0\0\0\0\0\0\0\0\0\0\0\0\0\0"..., 384, 0) = 384
1681347 pread64(3, "\6\0\0\0\344\3\0\0tty1\0\0\0\0\0\0\0\0\0\0\0\0\0\0\0\0\0\0\0\0"..., 384, 384) = 384
1681347 pread64(3, "\1\0\0\0005\0\0\0~\0\0\0\0\0\0\0\0\0\0\0\0\0\0\0\0\0\0\0\0\0\0\0"..., 384, 768) = 384
1681347 pread64(3, "\7\0\0\0\247\5\0\0tty7\0\0\0\0\0\0\0\0\0\0\0\0\0\0\0\0\0\0\0\0"..., 384, 1152) = 384
1681347 pread64(3, "\10\0\0\0\221\1\31\0pts/2\0\0\0\0\0\0\0\0\0\0\0\0\0\0\0\0\0\0\0"..., 384, 1536) = 384
1681347 pread64(3, "", 384, 1920)       = 0
1681347 fcntl(3, F_SETLKW, {l_type=F_UNLCK, l_whence=SEEK_SET, l_start=0, l_len=0}) = 0
1681347 close(3)                        = 0
1681347 getuid()                        = 1000
1681347 geteuid()                       = 1000
1681347 openat(AT_FDCWD, "/etc/localtime", O_RDONLY|O_CLOEXEC) = 3
1681347 newfstatat(3, "", {st_mode=S_IFREG|0644, st_size=2298, ...}, AT_EMPTY_PATH) = 0
1681347 newfstatat(3, "", {st_mode=S_IFREG|0644, st_size=2298, ...}, AT_EMPTY_PATH) = 0
1681347 read(3, "TZif2\0\0\0\0\0\0\0\0\0\0\0\0\0\0\0\0\0\0\t\0\0\0\t\0\0\0\0"..., 4096) = 2298
1681347 lseek(3, -1449, SEEK_CUR)       = 849
1681347 read(3, "TZif2\0\0\0\0\0\0\0\0\0\0\0\0\0\0\0\0\0\0\t\0\0\0\t\0\0\0\0"..., 4096) = 1449
1681347 close(3)                        = 0
1681347 socket(AF_UNIX, SOCK_DGRAM|SOCK_CLOEXEC, 0) = 3
1681347 connect(3, {sa_family=AF_UNIX, sun_path="/dev/log"}, 110) = 0
1681347 sendto(3, "<85>Jul 17 20:31:31 su: pam_unix"..., 138, MSG_NOSIGNAL, NULL, 0) = 138
1681347 socket(AF_NETLINK, SOCK_RAW, NETLINK_AUDIT) = 4
1681347 fcntl(4, F_SETFD, FD_CLOEXEC)   = 0
1681347 readlink("/proc/self/exe", "/usr/bin/su", 4096) = 11
1681347 sendto(4, [{nlmsg_len=128, nlmsg_type=0x44c /* NLMSG_??? */, nlmsg_flags=NLM_F_REQUEST|NLM_F_ACK, nlmsg_seq=1, nlmsg_pid=0}, "\x6f\x70\x3d\x50\x41\x4d\x3a\x61\x75\x74\x68\x65\x6e\x74\x69\x63\x61\x74\x69\x6f\x6e\x20\x67\x72\x61\x6e\x74\x6f\x72\x73\x3d\x3f"...], 128, 0, {sa_family=AF_NETLINK, nl_pid=0, nl_groups=00000000}, 12) = 128
1681347 poll([{fd=4, events=POLLIN}], 1, 500) = 1 ([{fd=4, revents=POLLIN}])
1681347 recvfrom(4, [{nlmsg_len=148, nlmsg_type=NLMSG_ERROR, nlmsg_flags=0, nlmsg_seq=1, nlmsg_pid=1681347}, {error=-EPERM, msg=[{nlmsg_len=128, nlmsg_type=AUDIT_FIRST_USER_MSG, nlmsg_flags=NLM_F_REQUEST|NLM_F_ACK, nlmsg_seq=1, nlmsg_pid=0}, "\x6f\x70\x3d\x50\x41\x4d\x3a\x61\x75\x74\x68\x65\x6e\x74\x69\x63\x61\x74\x69\x6f\x6e\x20\x67\x72\x61\x6e\x74\x6f\x72\x73\x3d\x3f"...]}], 8988, MSG_PEEK|MSG_DONTWAIT, {sa_family=AF_NETLINK, nl_pid=0, nl_groups=00000000}, [12]) = 148
1681347 recvfrom(4, [{nlmsg_len=148, nlmsg_type=NLMSG_ERROR, nlmsg_flags=0, nlmsg_seq=1, nlmsg_pid=1681347}, {error=-EPERM, msg=[{nlmsg_len=128, nlmsg_type=AUDIT_FIRST_USER_MSG, nlmsg_flags=NLM_F_REQUEST|NLM_F_ACK, nlmsg_seq=1, nlmsg_pid=0}, "\x6f\x70\x3d\x50\x41\x4d\x3a\x61\x75\x74\x68\x65\x6e\x74\x69\x63\x61\x74\x69\x6f\x6e\x20\x67\x72\x61\x6e\x74\x6f\x72\x73\x3d\x3f"...]}], 8988, MSG_DONTWAIT, {sa_family=AF_NETLINK, nl_pid=0, nl_groups=00000000}, [12]) = 148
1681347 capget({version=0 /* _LINUX_CAPABILITY_VERSION_??? */, pid=0}, NULL) = 0
1681347 gettid()                        = 1681347
1681347 openat(AT_FDCWD, "/proc/sys/kernel/cap_last_cap", O_RDONLY) = 5
1681347 read(5, "40\n", 7)              = 3
1681347 close(5)                        = 0
1681347 capget({version=_LINUX_CAPABILITY_VERSION_3, pid=1681347}, {effective=0, permitted=0, inheritable=0}) = 0
1681347 openat(AT_FDCWD, "/proc/1681347/status", O_RDONLY|O_CLOEXEC) = 5
1681347 newfstatat(5, "", {st_mode=S_IFREG|0444, st_size=0, ...}, AT_EMPTY_PATH) = 0
1681347 read(5, "Name:\tsu\nUmask:\t0002\nState:\tR (r"..., 1024) = 1024
1681347 close(5)                        = 0
1681347 close(4)                        = 0
1681347 pselect6(0, NULL, NULL, NULL, {tv_sec=1, tv_nsec=697247000}, NULL) = 0 (Timeout)
1681347 sendto(3, "<37>Jul 17 20:31:32 su: FAILED S"..., 57, MSG_NOSIGNAL, NULL, 0) = 57
1681347 close(3)                        = 0
1681347 getpid()                        = 1681347
1681347 openat(AT_FDCWD, "/var/log/btmp", O_WRONLY) = -1 EACCES (Permission denied)
1681347 munmap(0x7fafb51ef000, 16400)   = 0
1681347 munmap(0x7fafb51e9000, 20496)   = 0
1681347 munmap(0x7fafb51e3000, 20496)   = 0
1681347 munmap(0x7fafb51db000, 28688)   = 0
1681347 munmap(0x7fafb4978000, 110696)  = 0
1681347 munmap(0x7fafb485d000, 233888)  = 0
1681347 munmap(0x7fafb4843000, 105032)  = 0
1681347 munmap(0x7fafb4815000, 187256)  = 0
1681347 munmap(0x7fafb47c1000, 340960)  = 0
1681347 munmap(0x7fafb46f6000, 830576)  = 0
1681347 munmap(0x7fafb46c7000, 188472)  = 0
1681347 munmap(0x7fafb46c1000, 20552)   = 0
1681347 munmap(0x7fafb46b3000, 54224)   = 0
1681347 munmap(0x7fafb4698000, 80456)   = 0
1681347 munmap(0x7fafb48af000, 16400)   = 0
1681347 munmap(0x7fafb48aa000, 16400)   = 0
1681347 munmap(0x7fafb48a3000, 24592)   = 0
1681347 munmap(0x7fafb4657000, 145896)  = 0
1681347 munmap(0x7fafb46ac000, 24592)   = 0
1681347 munmap(0x7fafb4526000, 1248136) = 0
1681347 munmap(0x7fafb489e000, 16424)   = 0
1681347 munmap(0x7fafb44f3000, 207336)  = 0
1681347 munmap(0x7fafb4897000, 24720)   = 0
1681347 munmap(0x7fafb44ee000, 16544)   = 0
1681347 munmap(0x7fafb44ae000, 258960)  = 0
1681347 munmap(0x7fafb4693000, 16400)   = 0
1681347 munmap(0x7fafb4683000, 16400)   = 0
1681347 munmap(0x7fafb4439000, 476008)  = 0
1681347 munmap(0x7fafb4688000, 41016)   = 0
1681347 munmap(0x7fafb4430000, 32784)   = 0
1681347 munmap(0x7fafb494b000, 177672)  = 0
1681347 munmap(0x7fafb48b4000, 615184)  = 0
1681347 openat(AT_FDCWD, "/etc/login.defs", O_RDONLY) = 3
1681347 newfstatat(3, "", {st_mode=S_IFREG|0644, st_size=10734, ...}, AT_EMPTY_PATH) = 0
1681347 read(3, "#\n# /etc/login.defs - Configurat"..., 4096) = 4096
1681347 read(3, " issuing \n# the \"mesg y\" command"..., 4096) = 4096
1681347 read(3, "exercise for the reader...\n#\n# T"..., 4096) = 2542
1681347 read(3, "", 4096)               = 0
1681347 close(3)                        = 0
1681347 openat(AT_FDCWD, "/etc/default/su", O_RDONLY) = -1 ENOENT (No such file or directory)
1681347 clock_nanosleep(CLOCK_REALTIME, 0, {tv_sec=1, tv_nsec=0}, 0x7ffeac975e90) = 0
1681347 write(2, "su: ", 4)             = 4
1681347 write(2, "Authentication failure", 22) = 22
1681347 write(2, "\n", 1)               = 1
1681347 dup(1)                          = 3
1681347 close(3)                        = 0
1681347 dup(2)                          = 3
1681347 close(3)                        = 0
1681347 exit_group(1)                   = ?
1681347 +++ exited with 1 +++
